2022-07-19 11:15:01,088 - __main__ - INFO - Token value: Token not available!
2022-07-19 11:15:01,760 - __main__ - INFO - Weather in Berlin: 30.32
2022-11-27 17:44:29,837 - __main__ - INFO - Token value: Token not available!
2022-11-27 17:44:30,259 - __main__ - INFO - Weather in Berlin: 4.46
2022-11-27 17:45:54,963 - __main__ - INFO - Token value: Token not available!
2022-11-27 17:45:55,338 - __main__ - INFO - Weather in Brno: 4.46
2022-11-27 18:08:40,197 - __main__ - INFO - Token value: "toto je SOME_SECRET"
2022-11-27 18:08:40,591 - __main__ - INFO - Weather in Brno: 3.11
2022-11-27 18:32:10,813 - __main__ - INFO - Token value: "toto je SOME_SECRET"
2022-11-27 18:32:10,860 - __main__ - INFO - Weather in Brno: 3.11
2022-11-27 18:46:14,383 - __main__ - INFO - Token value: "toto je SOME_SECRET"
2022-11-27 18:46:14,649 - __main__ - INFO - Weather in Brno: 3.11
2022-11-27 18:59:09,039 - __main__ - INFO - Token value: "toto je SOME_SECRET"
2022-11-27 18:59:09,299 - __main__ - INFO - Weather in Brno: 2.7
2022-11-27 19:18:18,438 - __main__ - INFO - Token value: "toto je SOME_SECRET"
2022-11-27 19:18:18,730 - __main__ - INFO - Weather in Brno: 2.7
2022-11-27 19:31:39,125 - __main__ - INFO - Token value: "toto je SOME_SECRET"
2022-11-27 19:31:39,176 - __main__ - INFO - Weather in Brno: 2.7
2022-11-27 19:44:40,910 - __main__ - INFO - Token value: "toto je SOME_SECRET"
2022-11-27 19:44:41,238 - __main__ - INFO - Weather in Brno: 1.8
2022-11-27 19:57:35,622 - __main__ - INFO - Token value: "toto je SOME_SECRET"
2022-11-27 19:57:35,883 - __main__ - INFO - Weather in Brno: 1.8
2022-11-27 20:23:00,979 - __main__ - INFO - Token value: "toto je SOME_SECRET"
2022-11-27 20:23:01,245 - __main__ - INFO - Weather in Brno: 1.8
2022-11-27 20:37:14,297 - __main__ - INFO - Token value: "toto je SOME_SECRET"
2022-11-27 20:37:14,873 - __main__ - INFO - Weather in Brno: 1.63
2022-11-27 20:50:15,206 - __main__ - INFO - Token value: "toto je SOME_SECRET"
2022-11-27 20:50:15,592 - __main__ - INFO - Weather in Brno: 1.56
2022-11-27 21:09:14,816 - __main__ - INFO - Token value: "toto je SOME_SECRET"
2022-11-27 21:09:15,078 - __main__ - INFO - Weather in Brno: 1.56
2022-11-27 21:25:58,512 - __main__ - INFO - Token value: "toto je SOME_SECRET"
2022-11-27 21:25:58,769 - __main__ - INFO - Weather in Brno: 1.56
2022-11-27 21:39:17,001 - __main__ - INFO - Token value: "toto je SOME_SECRET"
2022-11-27 21:39:17,263 - __main__ - INFO - Weather in Brno: 1.7
2022-11-27 21:52:06,289 - __main__ - INFO - Token value: "toto je SOME_SECRET"
2022-11-27 21:52:06,627 - __main__ - INFO - Weather in Brno: 1.7
2022-11-27 22:14:01,404 - __main__ - INFO - Token value: "toto je SOME_SECRET"
2022-11-27 22:14:01,612 - __main__ - INFO - Weather in Brno: 1.7
2022-11-27 22:31:34,862 - __main__ - INFO - Token value: "toto je SOME_SECRET"
2022-11-27 22:31:34,908 - __main__ - INFO - Weather in Brno: 2.34
2022-11-27 22:44:31,925 - __main__ - INFO - Token value: "toto je SOME_SECRET"
2022-11-27 22:44:32,147 - __main__ - INFO - Weather in Brno: 2.34
2022-11-27 22:57:41,282 - __main__ - INFO - Token value: "toto je SOME_SECRET"
2022-11-27 22:57:41,375 - __main__ - INFO - Weather in Brno: 2.49
2022-11-27 23:23:55,479 - __main__ - INFO - Token value: "toto je SOME_SECRET"
2022-11-27 23:23:55,946 - __main__ - INFO - Weather in Brno: 2.62
2022-11-27 23:39:08,539 - __main__ - INFO - Token value: "toto je SOME_SECRET"
2022-11-27 23:39:08,806 - __main__ - INFO - Weather in Brno: 2.62
2022-11-27 23:52:16,220 - __main__ - INFO - Token value: "toto je SOME_SECRET"
2022-11-27 23:52:16,490 - __main__ - INFO - Weather in Brno: 2.62
2022-11-28 01:14:04,026 - __main__ - INFO - Token value: "toto je SOME_SECRET"
2022-11-28 01:14:04,091 - __main__ - INFO - Weather in Brno: 2.77
2022-11-28 02:42:35,987 - __main__ - INFO - Token value: "toto je SOME_SECRET"
2022-11-28 02:42:36,285 - __main__ - INFO - Weather in Brno: 3.26
2022-11-28 03:19:21,051 - __main__ - INFO - Token value: "toto je SOME_SECRET"
2022-11-28 03:19:21,364 - __main__ - INFO - Weather in Brno: 3.26
2022-11-28 03:45:09,076 - __main__ - INFO - Token value: "toto je SOME_SECRET"
2022-11-28 03:45:09,579 - __main__ - INFO - Weather in Brno: 3.31
2022-11-28 03:58:02,979 - __main__ - INFO - Token value: "toto je SOME_SECRET"
2022-11-28 03:58:03,236 - __main__ - INFO - Weather in Brno: 3.31
2022-11-28 04:28:44,337 - __main__ - INFO - Token value: "toto je SOME_SECRET"
2022-11-28 04:28:44,958 - __main__ - INFO - Weather in Brno: 3.31
2022-11-28 04:46:42,911 - __main__ - INFO - Token value: "toto je SOME_SECRET"
2022-11-28 04:46:42,961 - __main__ - INFO - Weather in Brno: 3.48
2022-11-28 04:59:37,750 - __main__ - INFO - Token value: "toto je SOME_SECRET"
2022-11-28 04:59:37,800 - __main__ - INFO - Weather in Brno: 3.46
2022-11-28 05:23:07,760 - __main__ - INFO - Token value: "toto je SOME_SECRET"
2022-11-28 05:23:07,918 - __main__ - INFO - Weather in Brno: 3.46
2022-11-28 05:37:07,658 - __main__ - INFO - Token value: "toto je SOME_SECRET"
2022-11-28 05:37:07,722 - __main__ - INFO - Weather in Brno: 3.46
2022-11-28 05:50:12,830 - __main__ - INFO - Token value: "toto je SOME_SECRET"
2022-11-28 05:50:13,091 - __main__ - INFO - Weather in Brno: 3.53
2022-11-28 06:14:26,436 - __main__ - INFO - Token value: "toto je SOME_SECRET"
2022-11-28 06:14:26,568 - __main__ - INFO - Weather in Brno: 3.53
2022-11-28 06:39:08,803 - __main__ - INFO - Token value: "toto je SOME_SECRET"
2022-11-28 06:39:08,911 - __main__ - INFO - Weather in Brno: 3.7
2022-11-28 06:52:14,792 - __main__ - INFO - Token value: "toto je SOME_SECRET"
2022-11-28 06:52:15,037 - __main__ - INFO - Weather in Brno: 3.51
2022-11-28 07:14:05,314 - __main__ - INFO - Token value: "toto je SOME_SECRET"
2022-11-28 07:14:05,570 - __main__ - INFO - Weather in Brno: 3.7
2022-11-28 07:27:37,058 - __main__ - INFO - Token value: "toto je SOME_SECRET"
2022-11-28 07:27:37,463 - __main__ - INFO - Weather in Brno: 4.0
2022-11-28 07:40:46,386 - __main__ - INFO - Token value: "toto je SOME_SECRET"
2022-11-28 07:40:46,439 - __main__ - INFO - Weather in Brno: 4.0
2022-11-28 07:53:49,090 - __main__ - INFO - Token value: "toto je SOME_SECRET"
2022-11-28 07:53:49,200 - __main__ - INFO - Weather in Brno: 4.11
2022-11-28 08:24:45,084 - __main__ - INFO - Token value: "toto je SOME_SECRET"
2022-11-28 08:24:45,149 - __main__ - INFO - Weather in Brno: 4.11
2022-11-28 08:44:06,644 - __main__ - INFO - Token value: "toto je SOME_SECRET"
2022-11-28 08:44:06,915 - __main__ - INFO - Weather in Brno: 4.13
2022-11-28 08:57:05,289 - __main__ - INFO - Token value: "toto je SOME_SECRET"
2022-11-28 08:57:05,688 - __main__ - INFO - Weather in Brno: 4.13
2022-11-28 09:23:10,544 - __main__ - INFO - Token value: "toto je SOME_SECRET"
2022-11-28 09:23:10,596 - __main__ - INFO - Weather in Brno: 4.39
2022-11-28 09:38:14,868 - __main__ - INFO - Token value: "toto je SOME_SECRET"
2022-11-28 09:38:14,944 - __main__ - INFO - Weather in Brno: 4.46
2022-11-28 09:51:25,629 - __main__ - INFO - Token value: "toto je SOME_SECRET"
2022-11-28 09:51:25,849 - __main__ - INFO - Weather in Brno: 4.39
2022-11-28 10:14:56,238 - __main__ - INFO - Token value: "toto je SOME_SECRET"
2022-11-28 10:14:56,596 - __main__ - INFO - Weather in Brno: 4.46
2022-11-28 10:36:16,714 - __main__ - INFO - Token value: "toto je SOME_SECRET"
2022-11-28 10:36:16,921 - __main__ - INFO - Weather in Brno: 4.98
2022-11-28 10:49:28,795 - __main__ - INFO - Token value: "toto je SOME_SECRET"
2022-11-28 10:49:28,933 - __main__ - INFO - Weather in Brno: 4.98
2022-11-28 11:08:06,983 - __main__ - INFO - Token value: "toto je SOME_SECRET"
2022-11-28 11:08:07,195 - __main__ - INFO - Weather in Brno: 4.98
2022-11-28 11:25:26,189 - __main__ - INFO - Token value: "toto je SOME_SECRET"
2022-11-28 11:25:26,457 - __main__ - INFO - Weather in Brno: 4.99
2022-11-28 11:38:41,182 - __main__ - INFO - Token value: "toto je SOME_SECRET"
2022-11-28 11:38:41,394 - __main__ - INFO - Weather in Brno: 5.16
2022-11-28 11:51:53,951 - __main__ - INFO - Token value: "toto je SOME_SECRET"
2022-11-28 11:51:54,216 - __main__ - INFO - Weather in Brno: 5.17
2022-11-28 12:28:18,665 - __main__ - INFO - Token value: "toto je SOME_SECRET"
2022-11-28 12:28:18,709 - __main__ - INFO - Weather in Brno: 5.17
2022-11-28 13:04:25,138 - __main__ - INFO - Token value: "toto je SOME_SECRET"
2022-11-28 13:04:25,240 - __main__ - INFO - Weather in Brno: 4.79
2022-11-28 13:34:42,481 - __main__ - INFO - Token value: "toto je SOME_SECRET"
2022-11-28 13:34:42,532 - __main__ - INFO - Weather in Brno: 4.79
2022-11-28 13:48:00,078 - __main__ - INFO - Token value: "toto je SOME_SECRET"
2022-11-28 13:48:00,343 - __main__ - INFO - Weather in Brno: 4.79
2022-11-28 14:04:49,304 - __main__ - INFO - Token value: "toto je SOME_SECRET"
2022-11-28 14:04:49,385 - __main__ - INFO - Weather in Brno: 4.77
2022-11-28 14:26:14,621 - __main__ - INFO - Token value: "toto je SOME_SECRET"
2022-11-28 14:26:14,670 - __main__ - INFO - Weather in Brno: 4.77
2022-11-28 14:39:12,032 - __main__ - INFO - Token value: "toto je SOME_SECRET"
2022-11-28 14:39:13,522 - __main__ - INFO - Weather in Brno: 4.41
2022-11-28 14:52:27,967 - __main__ - INFO - Token value: "toto je SOME_SECRET"
2022-11-28 14:52:28,239 - __main__ - INFO - Weather in Brno: 4.77
2022-11-28 15:14:27,477 - __main__ - INFO - Token value: "toto je SOME_SECRET"
2022-11-28 15:14:27,733 - __main__ - INFO - Weather in Brno: 4.41
2022-11-28 15:29:05,459 - __main__ - INFO - Token value: "toto je SOME_SECRET"
2022-11-28 15:29:05,725 - __main__ - INFO - Weather in Brno: 4.35
2022-11-28 15:41:59,976 - __main__ - INFO - Token value: "toto je SOME_SECRET"
2022-11-28 15:42:00,627 - __main__ - INFO - Weather in Brno: 4.07
2022-11-28 15:54:53,141 - __main__ - INFO - Token value: "toto je SOME_SECRET"
2022-11-28 15:54:53,190 - __main__ - INFO - Weather in Brno: 4.35
2022-11-28 16:24:48,403 - __main__ - INFO - Token value: "toto je SOME_SECRET"
2022-11-28 16:24:48,668 - __main__ - INFO - Weather in Brno: 4.07
2022-11-28 16:43:54,262 - __main__ - INFO - Token value: "toto je SOME_SECRET"
2022-11-28 16:43:54,350 - __main__ - INFO - Weather in Brno: 3.54
2022-11-28 16:56:55,554 - __main__ - INFO - Token value: "toto je SOME_SECRET"
2022-11-28 16:56:55,815 - __main__ - INFO - Weather in Brno: 3.54
2022-11-28 17:21:36,735 - __main__ - INFO - Token value: "toto je SOME_SECRET"
2022-11-28 17:21:37,118 - __main__ - INFO - Weather in Brno: 3.54
2022-11-28 17:37:23,963 - __main__ - INFO - Token value: "toto je SOME_SECRET"
2022-11-28 17:37:24,231 - __main__ - INFO - Weather in Brno: 3.5
2022-11-28 17:50:38,450 - __main__ - INFO - Token value: "toto je SOME_SECRET"
2022-11-28 17:50:38,754 - __main__ - INFO - Weather in Brno: 3.35
2022-11-28 18:14:29,344 - __main__ - INFO - Token value: "toto je SOME_SECRET"
2022-11-28 18:14:29,388 - __main__ - INFO - Weather in Brno: 3.35
2022-11-28 18:37:58,193 - __main__ - INFO - Token value: "toto je SOME_SECRET"
2022-11-28 18:37:58,464 - __main__ - INFO - Weather in Brno: 3.33
2022-11-28 18:51:32,575 - __main__ - INFO - Token value: "toto je SOME_SECRET"
2022-11-28 18:51:32,644 - __main__ - INFO - Weather in Brno: 3.33
2022-11-28 19:10:49,646 - __main__ - INFO - Token value: "toto je SOME_SECRET"
2022-11-28 19:10:49,909 - __main__ - INFO - Weather in Brno: 3.33
2022-11-28 19:24:31,260 - __main__ - INFO - Token value: "toto je SOME_SECRET"
2022-11-28 19:24:31,534 - __main__ - INFO - Weather in Brno: 3.33
2022-11-28 19:38:00,742 - __main__ - INFO - Token value: "toto je SOME_SECRET"
2022-11-28 19:38:00,857 - __main__ - INFO - Weather in Brno: 3.33
2022-11-28 19:51:09,693 - __main__ - INFO - Token value: "toto je SOME_SECRET"
2022-11-28 19:51:09,977 - __main__ - INFO - Weather in Brno: 3.32
2022-11-28 20:13:21,911 - __main__ - INFO - Token value: "toto je SOME_SECRET"
2022-11-28 20:13:22,481 - __main__ - INFO - Weather in Brno: 3.32
2022-11-28 20:30:32,159 - __main__ - INFO - Token value: "toto je SOME_SECRET"
2022-11-28 20:30:32,513 - __main__ - INFO - Weather in Brno: 3.33
2022-11-28 20:43:32,380 - __main__ - INFO - Token value: "toto je SOME_SECRET"
2022-11-28 20:43:32,648 - __main__ - INFO - Weather in Brno: 3.35
2022-11-28 20:56:32,122 - __main__ - INFO - Token value: "toto je SOME_SECRET"
2022-11-28 20:56:32,365 - __main__ - INFO - Weather in Brno: 3.35
2022-11-28 21:20:08,343 - __main__ - INFO - Token value: "toto je SOME_SECRET"
2022-11-28 21:20:08,666 - __main__ - INFO - Weather in Brno: 3.34
2022-11-28 21:34:23,962 - __main__ - INFO - Token value: "toto je SOME_SECRET"
2022-11-28 21:34:24,231 - __main__ - INFO - Weather in Brno: 3.34
2022-11-28 21:47:28,028 - __main__ - INFO - Token value: "toto je SOME_SECRET"
2022-11-28 21:47:28,353 - __main__ - INFO - Weather in Brno: 3.34
2022-11-28 22:00:43,705 - __main__ - INFO - Token value: "toto je SOME_SECRET"
2022-11-28 22:00:43,924 - __main__ - INFO - Weather in Brno: 3.34
2022-11-28 22:25:19,849 - __main__ - INFO - Token value: "toto je SOME_SECRET"
2022-11-28 22:25:20,403 - __main__ - INFO - Weather in Brno: 3.32
2022-11-28 22:41:04,972 - __main__ - INFO - Token value: "toto je SOME_SECRET"
2022-11-28 22:41:05,388 - __main__ - INFO - Weather in Brno: 3.32
2022-11-28 22:53:55,727 - __main__ - INFO - Token value: "toto je SOME_SECRET"
2022-11-28 22:53:55,982 - __main__ - INFO - Weather in Brno: 3.32
2022-11-28 23:19:43,945 - __main__ - INFO - Token value: "toto je SOME_SECRET"
2022-11-28 23:19:43,994 - __main__ - INFO - Weather in Brno: 3.32
2022-11-28 23:35:51,753 - __main__ - INFO - Token value: "toto je SOME_SECRET"
2022-11-28 23:35:51,936 - __main__ - INFO - Weather in Brno: 3.32
2022-11-28 23:48:55,265 - __main__ - INFO - Token value: "toto je SOME_SECRET"
2022-11-28 23:48:55,473 - __main__ - INFO - Weather in Brno: 3.32
2022-11-29 00:41:57,447 - __main__ - INFO - Token value: "toto je SOME_SECRET"
2022-11-29 02:17:08,360 - __main__ - INFO - Token value: "toto je SOME_SECRET"
2022-11-29 03:04:33,245 - __main__ - INFO - Token value: "toto je SOME_SECRET"
2022-11-29 03:04:33,470 - __main__ - INFO - Weather in Brno: 3.09
2022-11-29 03:36:11,051 - __main__ - INFO - Token value: "toto je SOME_SECRET"
2022-11-29 03:36:11,314 - __main__ - INFO - Weather in Brno: 3.09
2022-11-29 03:51:13,091 - __main__ - INFO - Token value: "toto je SOME_SECRET"
2022-11-29 03:51:13,140 - __main__ - INFO - Weather in Brno: 3.09
2022-11-29 04:16:06,740 - __main__ - INFO - Token value: "toto je SOME_SECRET"
2022-11-29 04:16:07,217 - __main__ - INFO - Weather in Brno: 2.97
2022-11-29 04:39:25,091 - __main__ - INFO - Token value: "toto je SOME_SECRET"
2022-11-29 04:39:25,147 - __main__ - INFO - Weather in Brno: 2.97
2022-11-29 04:52:19,117 - __main__ - INFO - Token value: "toto je SOME_SECRET"
2022-11-29 04:52:19,184 - __main__ - INFO - Weather in Brno: 2.97
2022-11-29 05:14:09,508 - __main__ - INFO - Token value: "toto je SOME_SECRET"
2022-11-29 05:14:09,560 - __main__ - INFO - Weather in Brno: 3.01
2022-11-29 05:30:06,244 - __main__ - INFO - Token value: "toto je SOME_SECRET"
2022-11-29 05:30:06,772 - __main__ - INFO - Weather in Brno: 3.03
2022-11-29 05:43:03,171 - __main__ - INFO - Token value: "toto je SOME_SECRET"
2022-11-29 05:43:03,398 - __main__ - INFO - Weather in Brno: 3.03
2022-11-29 05:56:09,776 - __main__ - INFO - Token value: "toto je SOME_SECRET"
2022-11-29 05:56:10,298 - __main__ - INFO - Weather in Brno: 3.03
2022-11-29 06:28:27,546 - __main__ - INFO - Token value: "toto je SOME_SECRET"
2022-11-29 06:28:27,682 - __main__ - INFO - Weather in Brno: 3.05
2022-11-29 06:47:13,415 - __main__ - INFO - Token value: "toto je SOME_SECRET"
2022-11-29 06:47:13,462 - __main__ - INFO - Weather in Brno: 3.06
2022-11-29 07:00:17,062 - __main__ - INFO - Token value: "toto je SOME_SECRET"
2022-11-29 07:00:17,322 - __main__ - INFO - Weather in Brno: 3.06
2022-11-29 07:22:20,513 - __main__ - INFO - Token value: "toto je SOME_SECRET"
2022-11-29 07:22:20,644 - __main__ - INFO - Weather in Brno: 3.06
2022-11-29 07:35:47,727 - __main__ - INFO - Token value: "toto je SOME_SECRET"
2022-11-29 07:35:48,057 - __main__ - INFO - Weather in Brno: 3.06
2022-11-29 07:48:55,449 - __main__ - INFO - Token value: "toto je SOME_SECRET"
2022-11-29 07:48:55,553 - __main__ - INFO - Weather in Brno: 2.85
2022-11-29 08:11:16,951 - __main__ - INFO - Token value: "toto je SOME_SECRET"
2022-11-29 08:11:17,172 - __main__ - INFO - Weather in Brno: 2.85
2022-11-29 08:36:30,280 - __main__ - INFO - Token value: "toto je SOME_SECRET"
2022-11-29 08:36:30,359 - __main__ - INFO - Weather in Brno: 2.85
2022-11-29 08:50:23,648 - __main__ - INFO - Token value: "toto je SOME_SECRET"
2022-11-29 08:50:23,910 - __main__ - INFO - Weather in Brno: 2.85
2022-11-29 09:11:12,782 - __main__ - INFO - Token value: "toto je SOME_SECRET"
2022-11-29 09:11:12,993 - __main__ - INFO - Weather in Brno: 2.87
2022-11-29 09:29:48,191 - __main__ - INFO - Token value: "toto je SOME_SECRET"
2022-11-29 09:29:48,378 - __main__ - INFO - Weather in Brno: 2.87
2022-11-29 09:42:57,095 - __main__ - INFO - Token value: "toto je SOME_SECRET"
2022-11-29 09:42:57,448 - __main__ - INFO - Weather in Brno: 2.94
2022-11-29 09:56:03,356 - __main__ - INFO - Token value: "toto je SOME_SECRET"
2022-11-29 09:56:03,980 - __main__ - INFO - Weather in Brno: 3.06
2022-11-29 10:25:10,741 - __main__ - INFO - Token value: "toto je SOME_SECRET"
2022-11-29 10:25:11,006 - __main__ - INFO - Weather in Brno: 3.06
2022-11-29 10:42:37,363 - __main__ - INFO - Token value: "toto je SOME_SECRET"
2022-11-29 10:42:37,427 - __main__ - INFO - Weather in Brno: 3.06
2022-11-29 10:55:50,648 - __main__ - INFO - Token value: "toto je SOME_SECRET"
2022-11-29 10:55:50,699 - __main__ - INFO - Weather in Brno: 3.06
2022-11-29 11:18:25,066 - __main__ - INFO - Token value: "toto je SOME_SECRET"
2022-11-29 11:18:25,480 - __main__ - INFO - Weather in Brno: 3.06
2022-11-29 11:31:47,084 - __main__ - INFO - Token value: "toto je SOME_SECRET"
2022-11-29 11:31:47,323 - __main__ - INFO - Weather in Brno: 3.28
2022-11-29 11:44:43,174 - __main__ - INFO - Token value: "toto je SOME_SECRET"
2022-11-29 11:44:43,392 - __main__ - INFO - Weather in Brno: 3.28
2022-11-29 11:58:02,895 - __main__ - INFO - Token value: "toto je SOME_SECRET"
2022-11-29 11:58:02,945 - __main__ - INFO - Weather in Brno: 3.28
2022-11-29 12:44:43,592 - __main__ - INFO - Token value: "toto je SOME_SECRET"
2022-11-29 12:44:44,022 - __main__ - INFO - Weather in Brno: 3.51
2022-11-29 13:15:33,556 - __main__ - INFO - Token value: "toto je SOME_SECRET"
2022-11-29 13:15:33,907 - __main__ - INFO - Weather in Brno: 3.84
2022-11-29 13:39:56,623 - __main__ - INFO - Token value: "toto je SOME_SECRET"
2022-11-29 13:39:57,277 - __main__ - INFO - Weather in Brno: 3.51
2022-11-29 13:53:08,829 - __main__ - INFO - Token value: "toto je SOME_SECRET"
2022-11-29 13:53:08,876 - __main__ - INFO - Weather in Brno: 4.02
2022-11-29 14:15:32,852 - __main__ - INFO - Token value: "toto je SOME_SECRET"
2022-11-29 14:15:32,897 - __main__ - INFO - Weather in Brno: 4.02
2022-11-29 14:31:50,661 - __main__ - INFO - Token value: "toto je SOME_SECRET"
2022-11-29 14:31:51,156 - __main__ - INFO - Weather in Brno: 3.93
2022-11-29 14:44:36,597 - __main__ - INFO - Token value: "toto je SOME_SECRET"
2022-11-29 14:44:36,688 - __main__ - INFO - Weather in Brno: 3.93
2022-11-29 14:57:43,106 - __main__ - INFO - Token value: "toto je SOME_SECRET"
2022-11-29 14:57:43,172 - __main__ - INFO - Weather in Brno: 3.93
2022-11-29 15:24:41,419 - __main__ - INFO - Token value: "toto je SOME_SECRET"
2022-11-29 15:24:41,826 - __main__ - INFO - Weather in Brno: 3.93
2022-11-29 15:41:39,935 - __main__ - INFO - Token value: "toto je SOME_SECRET"
2022-11-29 15:41:40,263 - __main__ - INFO - Weather in Brno: 3.34
2022-11-29 15:54:42,329 - __main__ - INFO - Token value: "toto je SOME_SECRET"
2022-11-29 15:54:42,842 - __main__ - INFO - Weather in Brno: 3.19
2022-11-29 16:29:40,190 - __main__ - INFO - Token value: "toto je SOME_SECRET"
2022-11-29 16:29:40,242 - __main__ - INFO - Weather in Brno: 3.19
2022-11-29 16:53:14,100 - __main__ - INFO - Token value: "toto je SOME_SECRET"
2022-11-29 16:53:14,166 - __main__ - INFO - Weather in Brno: 3.19
2022-11-29 17:14:45,392 - __main__ - INFO - Token value: "toto je SOME_SECRET"
2022-11-29 17:14:45,665 - __main__ - INFO - Weather in Brno: 2.78
2022-11-29 17:30:27,013 - __main__ - INFO - Token value: "toto je SOME_SECRET"
2022-11-29 17:30:27,065 - __main__ - INFO - Weather in Brno: 2.78
2022-11-29 17:43:33,744 - __main__ - INFO - Token value: "toto je SOME_SECRET"
2022-11-29 17:43:33,964 - __main__ - INFO - Weather in Brno: 2.78
2022-11-29 17:56:27,223 - __main__ - INFO - Token value: "toto je SOME_SECRET"
2022-11-29 17:56:27,471 - __main__ - INFO - Weather in Brno: 2.78
2022-11-29 18:26:21,046 - __main__ - INFO - Token value: "toto je SOME_SECRET"
2022-11-29 18:26:21,395 - __main__ - INFO - Weather in Brno: 2.35
2022-11-29 18:44:40,155 - __main__ - INFO - Token value: "toto je SOME_SECRET"
2022-11-29 18:44:40,538 - __main__ - INFO - Weather in Brno: 2.35
2022-11-29 18:57:46,732 - __main__ - INFO - Token value: "toto je SOME_SECRET"
2022-11-29 18:57:46,989 - __main__ - INFO - Weather in Brno: 1.86
2022-11-29 19:18:28,024 - __main__ - INFO - Token value: "toto je SOME_SECRET"
2022-11-29 19:18:28,117 - __main__ - INFO - Weather in Brno: 1.71
2022-11-29 19:32:05,815 - __main__ - INFO - Token value: "toto je SOME_SECRET"
2022-11-29 19:32:05,879 - __main__ - INFO - Weather in Brno: 1.71
2022-11-29 19:45:04,096 - __main__ - INFO - Token value: "toto je SOME_SECRET"
2022-11-29 19:45:04,309 - __main__ - INFO - Weather in Brno: 1.71
2022-11-29 19:58:03,576 - __main__ - INFO - Token value: "toto je SOME_SECRET"
2022-11-29 19:58:04,145 - __main__ - INFO - Weather in Brno: 1.28
2022-11-29 20:23:45,821 - __main__ - INFO - Token value: "toto je SOME_SECRET"
2022-11-29 20:23:46,444 - __main__ - INFO - Weather in Brno: 1.56
2022-11-29 20:38:23,097 - __main__ - INFO - Token value: "toto je SOME_SECRET"
2022-11-29 20:38:23,374 - __main__ - INFO - Weather in Brno: 1.28
2022-11-29 20:51:11,075 - __main__ - INFO - Token value: "toto je SOME_SECRET"
2022-11-29 20:51:11,141 - __main__ - INFO - Weather in Brno: 1.56
2022-11-29 21:12:19,280 - __main__ - INFO - Token value: "toto je SOME_SECRET"
2022-11-29 21:12:19,329 - __main__ - INFO - Weather in Brno: 1.56
2022-11-29 21:27:37,819 - __main__ - INFO - Token value: "toto je SOME_SECRET"
2022-11-29 21:27:38,431 - __main__ - INFO - Weather in Brno: 0.81
2022-11-29 21:40:41,790 - __main__ - INFO - Token value: "toto je SOME_SECRET"
2022-11-29 21:40:42,103 - __main__ - INFO - Weather in Brno: 0.81
2022-11-29 21:53:48,756 - __main__ - INFO - Token value: "toto je SOME_SECRET"
2022-11-29 21:53:48,824 - __main__ - INFO - Weather in Brno: 0.81
2022-11-29 22:16:49,781 - __main__ - INFO - Token value: "toto je SOME_SECRET"
2022-11-29 22:16:50,427 - __main__ - INFO - Weather in Brno: 0.81
2022-11-29 22:33:02,553 - __main__ - INFO - Token value: "toto je SOME_SECRET"
2022-11-29 22:33:04,004 - __main__ - INFO - Weather in Brno: 0.21
2022-11-29 22:46:08,573 - __main__ - INFO - Token value: "toto je SOME_SECRET"
2022-11-29 22:46:09,098 - __main__ - INFO - Weather in Brno: 0.15
2022-11-29 22:59:10,109 - __main__ - INFO - Token value: "toto je SOME_SECRET"
2022-11-29 22:59:10,497 - __main__ - INFO - Weather in Brno: 0.15
2022-11-29 23:25:07,189 - __main__ - INFO - Token value: "toto je SOME_SECRET"
2022-11-29 23:25:07,258 - __main__ - INFO - Weather in Brno: 0.21
2022-11-29 23:41:02,173 - __main__ - INFO - Token value: "toto je SOME_SECRET"
2022-11-29 23:41:02,447 - __main__ - INFO - Weather in Brno: 0.15
2022-11-29 23:53:55,890 - __main__ - INFO - Token value: "toto je SOME_SECRET"
2022-11-29 23:53:55,956 - __main__ - INFO - Weather in Brno: -0.23
2022-11-30 01:40:25,449 - __main__ - INFO - Token value: "toto je SOME_SECRET"
2022-11-30 01:40:26,007 - __main__ - INFO - Weather in Brno: -0.7
2022-11-30 02:43:25,822 - __main__ - INFO - Token value: "toto je SOME_SECRET"
2022-11-30 02:43:26,354 - __main__ - INFO - Weather in Brno: -0.67
2022-11-30 03:14:15,272 - __main__ - INFO - Token value: "toto je SOME_SECRET"
2022-11-30 03:14:15,411 - __main__ - INFO - Weather in Brno: -0.42
2022-11-30 03:39:12,849 - __main__ - INFO - Token value: "toto je SOME_SECRET"
2022-11-30 03:39:13,222 - __main__ - INFO - Weather in Brno: 0.11
2022-11-30 03:52:13,544 - __main__ - INFO - Token value: "toto je SOME_SECRET"
2022-11-30 03:52:13,767 - __main__ - INFO - Weather in Brno: -0.42
2022-11-30 04:18:49,101 - __main__ - INFO - Token value: "toto je SOME_SECRET"
2022-11-30 04:18:49,421 - __main__ - INFO - Weather in Brno: 0.61
2022-11-30 04:41:06,154 - __main__ - INFO - Token value: "toto je SOME_SECRET"
2022-11-30 04:41:06,707 - __main__ - INFO - Weather in Brno: 0.69
2022-11-30 04:53:59,088 - __main__ - INFO - Token value: "toto je SOME_SECRET"
2022-11-30 04:53:59,155 - __main__ - INFO - Weather in Brno: 0.69
2022-11-30 05:17:37,818 - __main__ - INFO - Token value: "toto je SOME_SECRET"
2022-11-30 05:17:37,863 - __main__ - INFO - Weather in Brno: 0.61
2022-11-30 05:32:19,771 - __main__ - INFO - Token value: "toto je SOME_SECRET"
2022-11-30 05:32:20,068 - __main__ - INFO - Weather in Brno: 0.26
2022-11-30 05:45:14,102 - __main__ - INFO - Token value: "toto je SOME_SECRET"
2022-11-30 05:45:14,388 - __main__ - INFO - Weather in Brno: 0.26
2022-11-30 05:58:09,121 - __main__ - INFO - Token value: "toto je SOME_SECRET"
2022-11-30 05:58:09,383 - __main__ - INFO - Weather in Brno: 0.26
2022-11-30 06:29:39,899 - __main__ - INFO - Token value: "toto je SOME_SECRET"
2022-11-30 06:29:40,242 - __main__ - INFO - Weather in Brno: 0.38
2022-11-30 06:47:50,195 - __main__ - INFO - Token value: "toto je SOME_SECRET"
2022-11-30 06:47:50,493 - __main__ - INFO - Weather in Brno: 0.5
2022-11-30 07:03:58,536 - __main__ - INFO - Token value: "toto je SOME_SECRET"
2022-11-30 07:03:58,821 - __main__ - INFO - Weather in Brno: 0.38
2022-11-30 07:24:05,446 - __main__ - INFO - Token value: "toto je SOME_SECRET"
2022-11-30 07:24:05,637 - __main__ - INFO - Weather in Brno: 0.5
2022-11-30 07:37:40,043 - __main__ - INFO - Token value: "toto je SOME_SECRET"
2022-11-30 07:37:40,338 - __main__ - INFO - Weather in Brno: 0.77
2022-11-30 07:50:53,860 - __main__ - INFO - Token value: "toto je SOME_SECRET"
2022-11-30 07:50:54,165 - __main__ - INFO - Weather in Brno: 0.83
2022-11-30 08:16:21,863 - __main__ - INFO - Token value: "toto je SOME_SECRET"
2022-11-30 08:16:22,067 - __main__ - INFO - Weather in Brno: 0.83
2022-11-30 08:38:37,671 - __main__ - INFO - Token value: "toto je SOME_SECRET"
2022-11-30 08:38:37,934 - __main__ - INFO - Weather in Brno: 0.83
2022-11-30 08:51:43,748 - __main__ - INFO - Token value: "toto je SOME_SECRET"
2022-11-30 08:51:44,214 - __main__ - INFO - Weather in Brno: 2.73
2022-11-30 09:13:59,988 - __main__ - INFO - Token value: "toto je SOME_SECRET"
2022-11-30 09:14:00,374 - __main__ - INFO - Weather in Brno: 2.73
2022-11-30 09:31:21,866 - __main__ - INFO - Token value: "toto je SOME_SECRET"
2022-11-30 09:31:23,048 - __main__ - INFO - Weather in Brno: 2.36
2022-11-30 09:44:21,083 - __main__ - INFO - Token value: "toto je SOME_SECRET"
2022-11-30 09:44:21,470 - __main__ - INFO - Weather in Brno: 2.73
2022-11-30 09:57:30,321 - __main__ - INFO - Token value: "toto je SOME_SECRET"
2022-11-30 09:57:30,868 - __main__ - INFO - Weather in Brno: 3.32
2022-11-30 10:26:00,299 - __main__ - INFO - Token value: "toto je SOME_SECRET"
2022-11-30 10:26:00,510 - __main__ - INFO - Weather in Brno: 3.32
2022-11-30 10:43:30,748 - __main__ - INFO - Token value: "toto je SOME_SECRET"
2022-11-30 10:43:30,801 - __main__ - INFO - Weather in Brno: 3.32
2022-11-30 10:56:21,592 - __main__ - INFO - Token value: "toto je SOME_SECRET"
2022-11-30 10:56:21,639 - __main__ - INFO - Weather in Brno: 4.14
2022-11-30 11:19:20,436 - __main__ - INFO - Token value: "toto je SOME_SECRET"
2022-11-30 11:19:20,662 - __main__ - INFO - Weather in Brno: 4.14
2022-11-30 11:33:10,107 - __main__ - INFO - Token value: "toto je SOME_SECRET"
2022-11-30 11:33:10,370 - __main__ - INFO - Weather in Brno: 4.75
2022-11-30 11:46:09,242 - __main__ - INFO - Token value: "toto je SOME_SECRET"
2022-11-30 11:46:09,354 - __main__ - INFO - Weather in Brno: 4.76
2022-11-30 11:59:17,918 - __main__ - INFO - Token value: "toto je SOME_SECRET"
2022-11-30 11:59:18,083 - __main__ - INFO - Weather in Brno: 4.75
2022-11-30 12:48:07,216 - __main__ - INFO - Token value: "toto je SOME_SECRET"
2022-11-30 12:48:07,617 - __main__ - INFO - Weather in Brno: 5.14
2022-11-30 13:22:09,859 - __main__ - INFO - Token value: "toto je SOME_SECRET"
2022-11-30 13:22:10,125 - __main__ - INFO - Weather in Brno: 5.06
2022-11-30 13:44:46,393 - __main__ - INFO - Token value: "toto je SOME_SECRET"
2022-11-30 13:44:46,443 - __main__ - INFO - Weather in Brno: 5.14
2022-11-30 13:57:45,459 - __main__ - INFO - Token value: "toto je SOME_SECRET"
2022-11-30 13:57:45,723 - __main__ - INFO - Weather in Brno: 5.17
2022-11-30 14:22:08,841 - __main__ - INFO - Token value: "toto je SOME_SECRET"
2022-11-30 14:22:09,297 - __main__ - INFO - Weather in Brno: 5.17
2022-11-30 14:37:41,332 - __main__ - INFO - Token value: "toto je SOME_SECRET"
2022-11-30 14:37:41,588 - __main__ - INFO - Weather in Brno: 5.17
2022-11-30 14:50:42,170 - __main__ - INFO - Token value: "toto je SOME_SECRET"
2022-11-30 14:50:42,495 - __main__ - INFO - Weather in Brno: 3.74
2022-11-30 15:12:40,405 - __main__ - INFO - Token value: "toto je SOME_SECRET"
2022-11-30 15:12:40,664 - __main__ - INFO - Weather in Brno: 3.74
2022-11-30 15:33:17,611 - __main__ - INFO - Token value: "toto je SOME_SECRET"
2022-11-30 15:33:17,687 - __main__ - INFO - Weather in Brno: 3.74
2022-11-30 15:47:19,069 - __main__ - INFO - Token value: "toto je SOME_SECRET"
2022-11-30 15:47:19,137 - __main__ - INFO - Weather in Brno: 3.57
2022-11-30 16:00:19,075 - __main__ - INFO - Token value: "toto je SOME_SECRET"
2022-11-30 16:00:19,155 - __main__ - INFO - Weather in Brno: 3.57
2022-11-30 16:35:34,888 - __main__ - INFO - Token value: "toto je SOME_SECRET"
2022-11-30 16:35:35,032 - __main__ - INFO - Weather in Brno: 3.04
2022-11-30 16:56:47,491 - __main__ - INFO - Token value: "toto je SOME_SECRET"
2022-11-30 16:56:47,785 - __main__ - INFO - Weather in Brno: 3.23
2022-11-30 17:21:34,538 - __main__ - INFO - Token value: "toto je SOME_SECRET"
2022-11-30 17:21:34,590 - __main__ - INFO - Weather in Brno: 3.04
2022-11-30 17:37:13,251 - __main__ - INFO - Token value: "toto je SOME_SECRET"
2022-11-30 17:37:13,577 - __main__ - INFO - Weather in Brno: 2.96
2022-11-30 17:50:30,601 - __main__ - INFO - Token value: "toto je SOME_SECRET"
2022-11-30 17:50:31,102 - __main__ - INFO - Weather in Brno: 2.96
2022-11-30 18:14:26,429 - __main__ - INFO - Token value: "toto je SOME_SECRET"
2022-11-30 18:14:26,685 - __main__ - INFO - Weather in Brno: 2.96
2022-11-30 18:38:18,421 - __main__ - INFO - Token value: "toto je SOME_SECRET"
2022-11-30 18:38:19,172 - __main__ - INFO - Weather in Brno: 2.28
2022-11-30 18:51:53,694 - __main__ - INFO - Token value: "toto je SOME_SECRET"
2022-11-30 18:51:53,950 - __main__ - INFO - Weather in Brno: 2.28
2022-11-30 19:11:55,875 - __main__ - INFO - Token value: "toto je SOME_SECRET"
2022-11-30 19:11:56,139 - __main__ - INFO - Weather in Brno: 2.28
2022-11-30 19:25:26,743 - __main__ - INFO - Token value: "toto je SOME_SECRET"
2022-11-30 19:25:27,299 - __main__ - INFO - Weather in Brno: 2.28
2022-11-30 19:38:39,576 - __main__ - INFO - Token value: "toto je SOME_SECRET"
2022-11-30 19:38:39,622 - __main__ - INFO - Weather in Brno: 2.18
2022-11-30 19:51:46,645 - __main__ - INFO - Token value: "toto je SOME_SECRET"
2022-11-30 19:51:46,711 - __main__ - INFO - Weather in Brno: 2.02
2022-11-30 20:14:52,317 - __main__ - INFO - Token value: "toto je SOME_SECRET"
2022-11-30 20:14:52,580 - __main__ - INFO - Weather in Brno: 1.93
2022-11-30 20:32:13,907 - __main__ - INFO - Token value: "toto je SOME_SECRET"
2022-11-30 20:32:14,114 - __main__ - INFO - Weather in Brno: 2.02
2022-11-30 20:45:14,195 - __main__ - INFO - Token value: "toto je SOME_SECRET"
2022-11-30 20:45:14,416 - __main__ - INFO - Weather in Brno: 1.72
2022-11-30 20:58:16,055 - __main__ - INFO - Token value: "toto je SOME_SECRET"
2022-11-30 20:58:16,253 - __main__ - INFO - Weather in Brno: 1.93
2022-11-30 21:21:17,253 - __main__ - INFO - Token value: "toto je SOME_SECRET"
2022-11-30 21:21:17,545 - __main__ - INFO - Weather in Brno: 1.72
2022-11-30 21:35:29,181 - __main__ - INFO - Token value: "toto je SOME_SECRET"
2022-11-30 21:35:29,449 - __main__ - INFO - Weather in Brno: 1.6
2022-11-30 21:48:21,955 - __main__ - INFO - Token value: "toto je SOME_SECRET"
2022-11-30 21:48:22,340 - __main__ - INFO - Weather in Brno: 1.39
2022-11-30 22:06:49,607 - __main__ - INFO - Token value: "toto je SOME_SECRET"
2022-11-30 22:06:49,676 - __main__ - INFO - Weather in Brno: 1.6
2022-11-30 22:29:14,626 - __main__ - INFO - Token value: "toto je SOME_SECRET"
2022-11-30 22:29:15,020 - __main__ - INFO - Weather in Brno: 1.39
2022-11-30 22:43:17,086 - __main__ - INFO - Token value: "toto je SOME_SECRET"
2022-11-30 22:43:17,137 - __main__ - INFO - Weather in Brno: 1.38
2022-11-30 22:56:21,439 - __main__ - INFO - Token value: "toto je SOME_SECRET"
2022-11-30 22:56:21,575 - __main__ - INFO - Weather in Brno: 1.38
2022-11-30 23:23:32,435 - __main__ - INFO - Token value: "toto je SOME_SECRET"
2022-11-30 23:23:32,699 - __main__ - INFO - Weather in Brno: 1.38
2022-11-30 23:39:06,854 - __main__ - INFO - Token value: "toto je SOME_SECRET"
2022-11-30 23:39:06,944 - __main__ - INFO - Weather in Brno: 1.29
2022-11-30 23:52:12,394 - __main__ - INFO - Token value: "toto je SOME_SECRET"
2022-11-30 23:52:12,538 - __main__ - INFO - Weather in Brno: 1.29
2022-12-01 01:24:38,378 - __main__ - INFO - Token value: "toto je SOME_SECRET"
2022-12-01 01:24:38,429 - __main__ - INFO - Weather in Brno: 1.3
2022-12-01 03:00:59,973 - __main__ - INFO - Token value: "toto je SOME_SECRET"
2022-12-01 03:01:00,502 - __main__ - INFO - Weather in Brno: 1.38
2022-12-01 03:42:17,660 - __main__ - INFO - Token value: "toto je SOME_SECRET"
2022-12-01 03:42:17,878 - __main__ - INFO - Weather in Brno: 1.41
2022-12-01 03:57:13,265 - __main__ - INFO - Token value: "toto je SOME_SECRET"
2022-12-01 03:57:13,332 - __main__ - INFO - Weather in Brno: 1.38
2022-12-01 04:29:21,164 - __main__ - INFO - Token value: "toto je SOME_SECRET"
2022-12-01 04:29:21,214 - __main__ - INFO - Weather in Brno: 1.0
2022-12-01 04:48:21,432 - __main__ - INFO - Token value: "toto je SOME_SECRET"
2022-12-01 04:48:21,827 - __main__ - INFO - Weather in Brno: 0.83
2022-12-01 05:07:09,856 - __main__ - INFO - Token value: "toto je SOME_SECRET"
2022-12-01 05:07:10,089 - __main__ - INFO - Weather in Brno: 0.83
2022-12-01 05:27:56,213 - __main__ - INFO - Token value: "toto je SOME_SECRET"
2022-12-01 05:27:56,454 - __main__ - INFO - Weather in Brno: 0.17
2022-12-01 05:41:16,255 - __main__ - INFO - Token value: "toto je SOME_SECRET"
2022-12-01 05:41:16,512 - __main__ - INFO - Weather in Brno: 0.07
2022-12-01 05:54:15,351 - __main__ - INFO - Token value: "toto je SOME_SECRET"
2022-12-01 05:54:15,569 - __main__ - INFO - Weather in Brno: 0.17
2022-12-01 06:25:54,440 - __main__ - INFO - Token value: "toto je SOME_SECRET"
2022-12-01 06:25:54,795 - __main__ - INFO - Weather in Brno: 0.07
2022-12-01 06:46:41,692 - __main__ - INFO - Token value: "toto je SOME_SECRET"
2022-12-01 06:46:42,041 - __main__ - INFO - Weather in Brno: 0.1
2022-12-01 06:59:37,617 - __main__ - INFO - Token value: "toto je SOME_SECRET"
2022-12-01 06:59:37,829 - __main__ - INFO - Weather in Brno: 0.1
2022-12-01 07:22:26,645 - __main__ - INFO - Token value: "toto je SOME_SECRET"
2022-12-01 07:22:26,939 - __main__ - INFO - Weather in Brno: -0.22
2022-12-01 07:35:55,174 - __main__ - INFO - Token value: "toto je SOME_SECRET"
2022-12-01 07:35:55,393 - __main__ - INFO - Weather in Brno: 0.1
2022-12-01 07:48:51,929 - __main__ - INFO - Token value: "toto je SOME_SECRET"
2022-12-01 07:48:51,982 - __main__ - INFO - Weather in Brno: -0.22
2022-12-01 08:10:52,660 - __main__ - INFO - Token value: "toto je SOME_SECRET"
2022-12-01 08:10:52,867 - __main__ - INFO - Weather in Brno: -0.22
2022-12-01 08:36:48,362 - __main__ - INFO - Token value: "toto je SOME_SECRET"
2022-12-01 08:36:48,566 - __main__ - INFO - Weather in Brno: 0.03
2022-12-01 08:51:17,785 - __main__ - INFO - Token value: "toto je SOME_SECRET"
2022-12-01 08:51:18,322 - __main__ - INFO - Weather in Brno: 0.53
2022-12-01 09:13:02,764 - __main__ - INFO - Token value: "toto je SOME_SECRET"
2022-12-01 09:13:02,962 - __main__ - INFO - Weather in Brno: 0.53
2022-12-01 09:30:56,844 - __main__ - INFO - Token value: "toto je SOME_SECRET"
2022-12-01 09:30:56,891 - __main__ - INFO - Weather in Brno: 0.53
2022-12-01 09:44:03,418 - __main__ - INFO - Token value: "toto je SOME_SECRET"
2022-12-01 09:44:03,687 - __main__ - INFO - Weather in Brno: 0.53
2022-12-01 09:57:11,381 - __main__ - INFO - Token value: "toto je SOME_SECRET"
2022-12-01 09:57:11,731 - __main__ - INFO - Weather in Brno: 2.82
2022-12-01 10:26:02,953 - __main__ - INFO - Token value: "toto je SOME_SECRET"
2022-12-01 10:26:03,102 - __main__ - INFO - Weather in Brno: 2.82
2022-12-01 10:43:31,103 - __main__ - INFO - Token value: "toto je SOME_SECRET"
2022-12-01 10:43:31,173 - __main__ - INFO - Weather in Brno: 2.8
2022-12-01 10:56:34,265 - __main__ - INFO - Token value: "toto je SOME_SECRET"
2022-12-01 10:56:34,615 - __main__ - INFO - Weather in Brno: 2.82
2022-12-01 11:18:58,386 - __main__ - INFO - Token value: "toto je SOME_SECRET"
2022-12-01 11:19:00,201 - __main__ - INFO - Weather in Brno: 3.16
2022-12-01 11:32:17,072 - __main__ - INFO - Token value: "toto je SOME_SECRET"
2022-12-01 11:32:17,284 - __main__ - INFO - Weather in Brno: 3.22
2022-12-01 11:45:21,431 - __main__ - INFO - Token value: "toto je SOME_SECRET"
2022-12-01 11:45:21,566 - __main__ - INFO - Weather in Brno: 3.16
2022-12-01 11:58:23,873 - __main__ - INFO - Token value: "toto je SOME_SECRET"
2022-12-01 11:58:24,281 - __main__ - INFO - Weather in Brno: 3.16
2022-12-01 12:48:56,159 - __main__ - INFO - Token value: "toto je SOME_SECRET"
2022-12-01 12:48:56,258 - __main__ - INFO - Weather in Brno: 3.56
2022-12-01 13:27:14,909 - __main__ - INFO - Token value: "toto je SOME_SECRET"
2022-12-01 13:27:15,164 - __main__ - INFO - Weather in Brno: 3.56
2022-12-01 13:49:09,783 - __main__ - INFO - Token value: "toto je SOME_SECRET"
2022-12-01 13:49:09,848 - __main__ - INFO - Weather in Brno: 2.92
2022-12-01 14:08:05,947 - __main__ - INFO - Token value: "toto je SOME_SECRET"
2022-12-01 14:08:06,349 - __main__ - INFO - Weather in Brno: 2.92
2022-12-01 14:28:16,954 - __main__ - INFO - Token value: "toto je SOME_SECRET"
2022-12-01 14:28:17,219 - __main__ - INFO - Weather in Brno: 2.92
2022-12-01 14:42:01,777 - __main__ - INFO - Token value: "toto je SOME_SECRET"
2022-12-01 14:42:02,034 - __main__ - INFO - Weather in Brno: 2.9
2022-12-01 14:55:01,636 - __main__ - INFO - Token value: "toto je SOME_SECRET"
2022-12-01 14:55:01,703 - __main__ - INFO - Weather in Brno: 1.61
2022-12-01 15:22:33,334 - __main__ - INFO - Token value: "toto je SOME_SECRET"
2022-12-01 15:22:33,627 - __main__ - INFO - Weather in Brno: 1.62
2022-12-01 15:39:57,480 - __main__ - INFO - Token value: "toto je SOME_SECRET"
2022-12-01 15:39:57,529 - __main__ - INFO - Weather in Brno: 1.62
2022-12-01 15:53:05,740 - __main__ - INFO - Token value: "toto je SOME_SECRET"
2022-12-01 15:53:05,805 - __main__ - INFO - Weather in Brno: 1.61
2022-12-01 16:24:51,536 - __main__ - INFO - Token value: "toto je SOME_SECRET"
2022-12-01 16:24:51,901 - __main__ - INFO - Weather in Brno: 1.37
2022-12-01 16:51:06,729 - __main__ - INFO - Token value: "toto je SOME_SECRET"
2022-12-01 16:51:06,774 - __main__ - INFO - Weather in Brno: 1.3
2022-12-01 17:11:36,917 - __main__ - INFO - Token value: "toto je SOME_SECRET"
2022-12-01 17:11:36,961 - __main__ - INFO - Weather in Brno: 1.3
2022-12-01 17:30:14,390 - __main__ - INFO - Token value: "toto je SOME_SECRET"
2022-12-01 17:30:14,656 - __main__ - INFO - Weather in Brno: 1.3
2022-12-01 17:43:06,122 - __main__ - INFO - Token value: "toto je SOME_SECRET"
2022-12-01 17:43:06,187 - __main__ - INFO - Weather in Brno: 1.3
2022-12-01 17:56:25,728 - __main__ - INFO - Token value: "toto je SOME_SECRET"
2022-12-01 17:56:25,937 - __main__ - INFO - Weather in Brno: 1.3
2022-12-01 18:28:15,949 - __main__ - INFO - Token value: "toto je SOME_SECRET"
2022-12-01 18:28:16,753 - __main__ - INFO - Weather in Brno: 1.28
2022-12-01 18:46:51,780 - __main__ - INFO - Token value: "toto je SOME_SECRET"
2022-12-01 18:46:52,214 - __main__ - INFO - Weather in Brno: 1.3
2022-12-01 18:59:54,171 - __main__ - INFO - Token value: "toto je SOME_SECRET"
2022-12-01 18:59:54,404 - __main__ - INFO - Weather in Brno: 1.26
2022-12-01 19:20:00,700 - __main__ - INFO - Token value: "toto je SOME_SECRET"
2022-12-01 19:20:00,996 - __main__ - INFO - Weather in Brno: 1.26
2022-12-01 19:34:13,249 - __main__ - INFO - Token value: "toto je SOME_SECRET"
2022-12-01 19:34:13,318 - __main__ - INFO - Weather in Brno: 1.26
2022-12-01 19:47:22,020 - __main__ - INFO - Token value: "toto je SOME_SECRET"
2022-12-01 19:47:22,069 - __main__ - INFO - Weather in Brno: 1.18
2022-12-01 20:00:24,631 - __main__ - INFO - Token value: "toto je SOME_SECRET"
2022-12-01 20:00:25,150 - __main__ - INFO - Weather in Brno: 1.19
2022-12-01 20:23:36,791 - __main__ - INFO - Token value: "toto je SOME_SECRET"
2022-12-01 20:23:36,832 - __main__ - INFO - Weather in Brno: 1.18
2022-12-01 20:37:49,975 - __main__ - INFO - Token value: "toto je SOME_SECRET"
2022-12-01 20:37:51,021 - __main__ - INFO - Weather in Brno: 1.19
2022-12-01 20:50:51,136 - __main__ - INFO - Token value: "toto je SOME_SECRET"
2022-12-01 20:50:51,182 - __main__ - INFO - Weather in Brno: 1.06
2022-12-01 21:09:31,850 - __main__ - INFO - Token value: "toto je SOME_SECRET"
2022-12-01 21:09:32,372 - __main__ - INFO - Weather in Brno: 1.06
2022-12-01 21:24:58,829 - __main__ - INFO - Token value: "toto je SOME_SECRET"
2022-12-01 21:24:59,032 - __main__ - INFO - Weather in Brno: 1.06
2022-12-01 21:38:47,852 - __main__ - INFO - Token value: "toto je SOME_SECRET"
2022-12-01 21:38:47,919 - __main__ - INFO - Weather in Brno: 1.06
2022-12-01 21:52:01,845 - __main__ - INFO - Token value: "toto je SOME_SECRET"
2022-12-01 21:52:02,371 - __main__ - INFO - Weather in Brno: 1.05
2022-12-01 22:13:09,359 - __main__ - INFO - Token value: "toto je SOME_SECRET"
2022-12-01 22:13:09,674 - __main__ - INFO - Weather in Brno: 1.05
2022-12-01 22:30:21,848 - __main__ - INFO - Token value: "toto je SOME_SECRET"
2022-12-01 22:30:22,123 - __main__ - INFO - Weather in Brno: 1.05
2022-12-01 22:43:31,468 - __main__ - INFO - Token value: "toto je SOME_SECRET"
2022-12-01 22:43:31,670 - __main__ - INFO - Weather in Brno: 1.05
2022-12-01 22:56:28,746 - __main__ - INFO - Token value: "toto je SOME_SECRET"
2022-12-01 22:56:28,923 - __main__ - INFO - Weather in Brno: 0.96
2022-12-01 23:22:47,791 - __main__ - INFO - Token value: "toto je SOME_SECRET"
2022-12-01 23:22:48,203 - __main__ - INFO - Weather in Brno: 0.92
2022-12-01 23:37:23,886 - __main__ - INFO - Token value: "toto je SOME_SECRET"
2022-12-01 23:37:23,935 - __main__ - INFO - Weather in Brno: 0.96
2022-12-01 23:50:17,350 - __main__ - INFO - Token value: "toto je SOME_SECRET"
2022-12-01 23:50:17,393 - __main__ - INFO - Weather in Brno: 0.92
2022-12-02 00:54:22,574 - __main__ - INFO - Token value: "toto je SOME_SECRET"
2022-12-02 00:54:22,840 - __main__ - INFO - Weather in Brno: 0.81
2022-12-02 02:22:41,688 - __main__ - INFO - Token value: "toto je SOME_SECRET"
2022-12-02 02:22:41,878 - __main__ - INFO - Weather in Brno: 0.29
2022-12-02 03:01:22,855 - __main__ - INFO - Token value: "toto je SOME_SECRET"
2022-12-02 03:01:24,374 - __main__ - INFO - Weather in Brno: 0.44
2022-12-02 03:28:20,999 - __main__ - INFO - Token value: "toto je SOME_SECRET"
2022-12-02 03:28:21,518 - __main__ - INFO - Weather in Brno: 0.44
2022-12-02 03:42:54,258 - __main__ - INFO - Token value: "toto je SOME_SECRET"
2022-12-02 03:42:54,596 - __main__ - INFO - Weather in Brno: 0.44
2022-12-02 03:55:54,207 - __main__ - INFO - Token value: "toto je SOME_SECRET"
2022-12-02 03:55:54,467 - __main__ - INFO - Weather in Brno: 0.44
2022-12-02 04:26:06,698 - __main__ - INFO - Token value: "toto je SOME_SECRET"
2022-12-02 04:26:07,010 - __main__ - INFO - Weather in Brno: 0.47
2022-12-02 04:43:41,280 - __main__ - INFO - Token value: "toto je SOME_SECRET"
2022-12-02 04:43:41,799 - __main__ - INFO - Weather in Brno: 0.47
2022-12-02 04:56:38,640 - __main__ - INFO - Token value: "toto je SOME_SECRET"
2022-12-02 04:56:38,951 - __main__ - INFO - Weather in Brno: 0.47
2022-12-02 05:19:43,923 - __main__ - INFO - Token value: "toto je SOME_SECRET"
2022-12-02 05:19:44,362 - __main__ - INFO - Weather in Brno: 0.47
2022-12-02 05:33:29,101 - __main__ - INFO - Token value: "toto je SOME_SECRET"
2022-12-02 05:33:29,351 - __main__ - INFO - Weather in Brno: 0.47
2022-12-02 05:46:41,113 - __main__ - INFO - Token value: "toto je SOME_SECRET"
2022-12-02 05:46:41,165 - __main__ - INFO - Weather in Brno: 0.47
2022-12-02 05:59:35,191 - __main__ - INFO - Token value: "toto je SOME_SECRET"
2022-12-02 05:59:35,410 - __main__ - INFO - Weather in Brno: 0.41
2022-12-02 06:28:35,144 - __main__ - INFO - Token value: "toto je SOME_SECRET"
2022-12-02 06:28:35,500 - __main__ - INFO - Weather in Brno: 0.47
2022-12-02 06:44:55,491 - __main__ - INFO - Token value: "toto je SOME_SECRET"
2022-12-02 06:44:55,537 - __main__ - INFO - Weather in Brno: 0.41
2022-12-02 06:57:51,995 - __main__ - INFO - Token value: "toto je SOME_SECRET"
2022-12-02 06:57:52,235 - __main__ - INFO - Weather in Brno: 0.31
2022-12-02 07:19:49,641 - __main__ - INFO - Token value: "toto je SOME_SECRET"
2022-12-02 07:19:49,692 - __main__ - INFO - Weather in Brno: 0.31
2022-12-02 07:33:35,898 - __main__ - INFO - Token value: "toto je SOME_SECRET"
2022-12-02 07:33:36,314 - __main__ - INFO - Weather in Brno: 0.31
2022-12-02 07:46:43,365 - __main__ - INFO - Token value: "toto je SOME_SECRET"
2022-12-02 07:46:43,711 - __main__ - INFO - Weather in Brno: 0.31
2022-12-02 07:59:35,102 - __main__ - INFO - Token value: "toto je SOME_SECRET"
2022-12-02 07:59:35,400 - __main__ - INFO - Weather in Brno: 0.54
2022-12-02 08:27:45,096 - __main__ - INFO - Token value: "toto je SOME_SECRET"
2022-12-02 08:27:45,143 - __main__ - INFO - Weather in Brno: 0.54
2022-12-02 08:43:19,488 - __main__ - INFO - Token value: "toto je SOME_SECRET"
2022-12-02 08:43:19,681 - __main__ - INFO - Weather in Brno: 0.54
2022-12-02 08:56:21,536 - __main__ - INFO - Token value: "toto je SOME_SECRET"
2022-12-02 08:56:21,591 - __main__ - INFO - Weather in Brno: 0.54
2022-12-02 09:20:18,792 - __main__ - INFO - Token value: "toto je SOME_SECRET"
2022-12-02 09:20:19,496 - __main__ - INFO - Weather in Brno: 0.87
2022-12-02 09:34:24,807 - __main__ - INFO - Token value: "toto je SOME_SECRET"
2022-12-02 09:34:24,910 - __main__ - INFO - Weather in Brno: 1.03
2022-12-02 09:47:32,858 - __main__ - INFO - Token value: "toto je SOME_SECRET"
2022-12-02 09:47:32,909 - __main__ - INFO - Weather in Brno: 1.03
2022-12-02 10:00:42,899 - __main__ - INFO - Token value: "toto je SOME_SECRET"
2022-12-02 10:00:43,137 - __main__ - INFO - Weather in Brno: 0.87
2022-12-02 10:26:49,681 - __main__ - INFO - Token value: "toto je SOME_SECRET"
2022-12-02 10:26:49,933 - __main__ - INFO - Weather in Brno: 1.57
2022-12-02 10:41:33,989 - __main__ - INFO - Token value: "toto je SOME_SECRET"
2022-12-02 10:41:34,054 - __main__ - INFO - Weather in Brno: 1.58
2022-12-02 10:54:39,647 - __main__ - INFO - Token value: "toto je SOME_SECRET"
2022-12-02 10:54:39,710 - __main__ - INFO - Weather in Brno: 1.58
2022-12-02 11:14:41,619 - __main__ - INFO - Token value: "toto je SOME_SECRET"
2022-12-02 11:14:41,935 - __main__ - INFO - Weather in Brno: 1.57
2022-12-02 11:27:37,735 - __main__ - INFO - Token value: "toto je SOME_SECRET"
2022-12-02 11:27:37,799 - __main__ - INFO - Weather in Brno: 1.58
2022-12-02 11:40:44,946 - __main__ - INFO - Token value: "toto je SOME_SECRET"
2022-12-02 11:40:45,376 - __main__ - INFO - Weather in Brno: 1.88
2022-12-02 11:53:42,636 - __main__ - INFO - Token value: "toto je SOME_SECRET"
2022-12-02 11:53:43,129 - __main__ - INFO - Weather in Brno: 1.88
2022-12-02 12:32:43,384 - __main__ - INFO - Token value: "toto je SOME_SECRET"
2022-12-02 12:32:43,446 - __main__ - INFO - Weather in Brno: 1.88
2022-12-02 13:01:14,715 - __main__ - INFO - Token value: "toto je SOME_SECRET"
2022-12-02 13:01:15,039 - __main__ - INFO - Weather in Brno: 1.54
2022-12-02 13:28:42,991 - __main__ - INFO - Token value: "toto je SOME_SECRET"
2022-12-02 13:28:43,190 - __main__ - INFO - Weather in Brno: 1.72
2022-12-02 13:41:44,696 - __main__ - INFO - Token value: "toto je SOME_SECRET"
2022-12-02 13:41:44,916 - __main__ - INFO - Weather in Brno: 1.54
2022-12-02 13:54:50,632 - __main__ - INFO - Token value: "toto je SOME_SECRET"
2022-12-02 13:54:50,702 - __main__ - INFO - Weather in Brno: 1.54
2022-12-02 14:17:38,634 - __main__ - INFO - Token value: "toto je SOME_SECRET"
2022-12-02 14:17:38,713 - __main__ - INFO - Weather in Brno: 0.9
2022-12-02 14:30:40,997 - __main__ - INFO - Token value: "toto je SOME_SECRET"
2022-12-02 14:30:41,209 - __main__ - INFO - Weather in Brno: 0.99
2022-12-02 14:43:43,647 - __main__ - INFO - Token value: "toto je SOME_SECRET"
2022-12-02 14:43:43,856 - __main__ - INFO - Weather in Brno: 0.9
2022-12-02 14:56:51,993 - __main__ - INFO - Token value: "toto je SOME_SECRET"
2022-12-02 14:56:52,040 - __main__ - INFO - Weather in Brno: 0.99
2022-12-02 15:20:25,719 - __main__ - INFO - Token value: "toto je SOME_SECRET"
2022-12-02 15:20:25,972 - __main__ - INFO - Weather in Brno: 0.68
2022-12-02 15:34:53,540 - __main__ - INFO - Token value: "toto je SOME_SECRET"
2022-12-02 15:34:53,591 - __main__ - INFO - Weather in Brno: 0.68
2022-12-02 15:47:59,041 - __main__ - INFO - Token value: "toto je SOME_SECRET"
2022-12-02 15:47:59,410 - __main__ - INFO - Weather in Brno: 0.68
2022-12-02 16:07:00,451 - __main__ - INFO - Token value: "toto je SOME_SECRET"
2022-12-02 16:07:00,690 - __main__ - INFO - Weather in Brno: 0.68
2022-12-02 16:37:05,190 - __main__ - INFO - Token value: "toto je SOME_SECRET"
2022-12-02 16:37:05,399 - __main__ - INFO - Weather in Brno: 0.39
2022-12-02 16:53:11,675 - __main__ - INFO - Token value: "toto je SOME_SECRET"
2022-12-02 16:53:12,047 - __main__ - INFO - Weather in Brno: 0.39
2022-12-02 17:14:33,157 - __main__ - INFO - Token value: "toto je SOME_SECRET"
2022-12-02 17:14:33,229 - __main__ - INFO - Weather in Brno: 0.39
2022-12-02 17:28:35,600 - __main__ - INFO - Token value: "toto je SOME_SECRET"
2022-12-02 17:28:35,813 - __main__ - INFO - Weather in Brno: 0.39
2022-12-02 17:41:29,838 - __main__ - INFO - Token value: "toto je SOME_SECRET"
2022-12-02 17:41:30,679 - __main__ - INFO - Weather in Brno: 0.4
2022-12-02 17:54:27,576 - __main__ - INFO - Token value: "toto je SOME_SECRET"
2022-12-02 17:54:27,778 - __main__ - INFO - Weather in Brno: 0.4
2022-12-02 18:21:38,702 - __main__ - INFO - Token value: "toto je SOME_SECRET"
2022-12-02 18:21:38,754 - __main__ - INFO - Weather in Brno: 0.4
2022-12-02 18:38:26,224 - __main__ - INFO - Token value: "toto je SOME_SECRET"
2022-12-02 18:38:26,482 - __main__ - INFO - Weather in Brno: 0.32
2022-12-02 18:51:38,548 - __main__ - INFO - Token value: "toto je SOME_SECRET"
2022-12-02 18:51:39,255 - __main__ - INFO - Weather in Brno: 0.43
2022-12-02 19:10:13,727 - __main__ - INFO - Token value: "toto je SOME_SECRET"
2022-12-02 19:10:14,332 - __main__ - INFO - Weather in Brno: 0.32
2022-12-02 19:22:57,841 - __main__ - INFO - Token value: "toto je SOME_SECRET"
2022-12-02 19:22:57,911 - __main__ - INFO - Weather in Brno: 0.43
2022-12-02 19:36:07,615 - __main__ - INFO - Token value: "toto je SOME_SECRET"
2022-12-02 19:36:07,823 - __main__ - INFO - Weather in Brno: 0.35
2022-12-02 19:49:14,022 - __main__ - INFO - Token value: "toto je SOME_SECRET"
2022-12-02 19:49:14,288 - __main__ - INFO - Weather in Brno: 0.35
2022-12-02 20:08:36,840 - __main__ - INFO - Token value: "toto je SOME_SECRET"
2022-12-02 20:08:37,055 - __main__ - INFO - Weather in Brno: 0.35
2022-12-02 20:27:41,510 - __main__ - INFO - Token value: "toto je SOME_SECRET"
2022-12-02 20:27:41,577 - __main__ - INFO - Weather in Brno: 0.37
2022-12-02 20:40:38,818 - __main__ - INFO - Token value: "toto je SOME_SECRET"
2022-12-02 20:40:38,881 - __main__ - INFO - Weather in Brno: 0.37
2022-12-02 20:53:38,516 - __main__ - INFO - Token value: "toto je SOME_SECRET"
2022-12-02 20:53:38,702 - __main__ - INFO - Weather in Brno: 0.37
2022-12-02 21:14:32,840 - __main__ - INFO - Token value: "toto je SOME_SECRET"
2022-12-02 21:14:32,923 - __main__ - INFO - Weather in Brno: 0.44
2022-12-02 21:27:33,367 - __main__ - INFO - Token value: "toto je SOME_SECRET"
2022-12-02 21:27:33,432 - __main__ - INFO - Weather in Brno: 0.44
2022-12-02 21:41:04,823 - __main__ - INFO - Token value: "toto je SOME_SECRET"
2022-12-02 21:41:05,070 - __main__ - INFO - Weather in Brno: 0.44
2022-12-02 21:53:47,120 - __main__ - INFO - Token value: "toto je SOME_SECRET"
2022-12-02 21:53:47,334 - __main__ - INFO - Weather in Brno: 0.44
2022-12-02 22:16:37,325 - __main__ - INFO - Token value: "toto je SOME_SECRET"
2022-12-02 22:16:37,592 - __main__ - INFO - Weather in Brno: 0.44
2022-12-02 22:31:26,701 - __main__ - INFO - Token value: "toto je SOME_SECRET"
2022-12-02 22:31:26,752 - __main__ - INFO - Weather in Brno: 0.54
2022-12-02 22:44:27,274 - __main__ - INFO - Token value: "toto je SOME_SECRET"
2022-12-02 22:44:27,816 - __main__ - INFO - Weather in Brno: 0.52
2022-12-02 22:57:28,173 - __main__ - INFO - Token value: "toto je SOME_SECRET"
2022-12-02 22:57:28,222 - __main__ - INFO - Weather in Brno: 0.54
2022-12-02 23:21:32,560 - __main__ - INFO - Token value: "toto je SOME_SECRET"
2022-12-02 23:21:33,368 - __main__ - INFO - Weather in Brno: 0.52
2022-12-02 23:35:16,897 - __main__ - INFO - Token value: "toto je SOME_SECRET"
2022-12-02 23:35:17,234 - __main__ - INFO - Weather in Brno: 0.52
2022-12-02 23:48:27,510 - __main__ - INFO - Token value: "toto je SOME_SECRET"
2022-12-02 23:48:27,555 - __main__ - INFO - Weather in Brno: 0.58
2022-12-03 00:33:12,821 - __main__ - INFO - Token value: "toto je SOME_SECRET"
2022-12-03 00:33:13,695 - __main__ - INFO - Weather in Brno: 0.61
2022-12-03 01:59:52,560 - __main__ - INFO - Token value: "toto je SOME_SECRET"
2022-12-03 01:59:53,076 - __main__ - INFO - Weather in Brno: 0.79
2022-12-03 02:41:13,015 - __main__ - INFO - Token value: "toto je SOME_SECRET"
2022-12-03 02:41:13,283 - __main__ - INFO - Weather in Brno: 0.79
2022-12-03 02:55:48,368 - __main__ - INFO - Token value: "toto je SOME_SECRET"
2022-12-03 02:55:48,748 - __main__ - INFO - Weather in Brno: 0.79
2022-12-03 03:22:34,172 - __main__ - INFO - Token value: "toto je SOME_SECRET"
2022-12-03 03:22:34,365 - __main__ - INFO - Weather in Brno: 0.91
2022-12-03 03:36:55,217 - __main__ - INFO - Token value: "toto je SOME_SECRET"
2022-12-03 03:36:55,484 - __main__ - INFO - Weather in Brno: 0.91
2022-12-03 03:49:58,219 - __main__ - INFO - Token value: "toto je SOME_SECRET"
2022-12-03 03:49:58,433 - __main__ - INFO - Weather in Brno: 0.91
2022-12-03 04:11:37,974 - __main__ - INFO - Token value: "toto je SOME_SECRET"
2022-12-03 04:11:38,236 - __main__ - INFO - Weather in Brno: 0.91
2022-12-03 04:33:49,774 - __main__ - INFO - Token value: "toto je SOME_SECRET"
2022-12-03 04:33:50,128 - __main__ - INFO - Weather in Brno: 0.93
2022-12-03 04:46:51,668 - __main__ - INFO - Token value: "toto je SOME_SECRET"
2022-12-03 04:46:52,085 - __main__ - INFO - Weather in Brno: 0.93
2022-12-03 04:59:47,913 - __main__ - INFO - Token value: "toto je SOME_SECRET"
2022-12-03 04:59:48,156 - __main__ - INFO - Weather in Brno: 0.93
2022-12-03 05:21:13,030 - __main__ - INFO - Token value: "toto je SOME_SECRET"
2022-12-03 05:21:13,322 - __main__ - INFO - Weather in Brno: 0.93
2022-12-03 05:34:55,956 - __main__ - INFO - Token value: "toto je SOME_SECRET"
2022-12-03 05:34:56,027 - __main__ - INFO - Weather in Brno: 0.88
2022-12-03 05:47:51,758 - __main__ - INFO - Token value: "toto je SOME_SECRET"
2022-12-03 05:47:51,854 - __main__ - INFO - Weather in Brno: 1.12
2022-12-03 06:06:50,114 - __main__ - INFO - Token value: "toto je SOME_SECRET"
2022-12-03 06:06:50,534 - __main__ - INFO - Weather in Brno: 1.12
2022-12-03 06:30:25,301 - __main__ - INFO - Token value: "toto je SOME_SECRET"
2022-12-03 06:30:25,521 - __main__ - INFO - Weather in Brno: 1.12
2022-12-03 06:44:08,219 - __main__ - INFO - Token value: "toto je SOME_SECRET"
2022-12-03 06:44:08,429 - __main__ - INFO - Weather in Brno: 1.12
2022-12-03 06:57:16,781 - __main__ - INFO - Token value: "toto je SOME_SECRET"
2022-12-03 06:57:17,157 - __main__ - INFO - Weather in Brno: 1.3
2022-12-03 07:18:00,015 - __main__ - INFO - Token value: "toto je SOME_SECRET"
2022-12-03 07:18:00,358 - __main__ - INFO - Weather in Brno: 1.3
2022-12-03 07:31:11,694 - __main__ - INFO - Token value: "toto je SOME_SECRET"
2022-12-03 07:31:11,966 - __main__ - INFO - Weather in Brno: 1.3
2022-12-03 07:44:11,965 - __main__ - INFO - Token value: "toto je SOME_SECRET"
2022-12-03 07:44:12,031 - __main__ - INFO - Weather in Brno: 1.3
2022-12-03 07:57:20,764 - __main__ - INFO - Token value: "toto je SOME_SECRET"
2022-12-03 07:57:20,871 - __main__ - INFO - Weather in Brno: 1.61
2022-12-03 08:26:06,119 - __main__ - INFO - Token value: "toto je SOME_SECRET"
2022-12-03 08:26:06,301 - __main__ - INFO - Weather in Brno: 1.61
2022-12-03 08:41:46,268 - __main__ - INFO - Token value: "toto je SOME_SECRET"
2022-12-03 08:41:46,824 - __main__ - INFO - Weather in Brno: 1.61
2022-12-03 08:55:05,570 - __main__ - INFO - Token value: "toto je SOME_SECRET"
2022-12-03 08:55:05,638 - __main__ - INFO - Weather in Brno: 1.61
2022-12-03 09:18:01,423 - __main__ - INFO - Token value: "toto je SOME_SECRET"
2022-12-03 09:18:01,969 - __main__ - INFO - Weather in Brno: 2.02
2022-12-03 09:31:03,746 - __main__ - INFO - Token value: "toto je SOME_SECRET"
2022-12-03 09:31:04,193 - __main__ - INFO - Weather in Brno: 2.02
2022-12-03 09:44:06,379 - __main__ - INFO - Token value: "toto je SOME_SECRET"
2022-12-03 09:44:06,633 - __main__ - INFO - Weather in Brno: 2.02
2022-12-03 09:57:07,093 - __main__ - INFO - Token value: "toto je SOME_SECRET"
2022-12-03 09:57:07,158 - __main__ - INFO - Weather in Brno: 2.02
2022-12-03 10:22:07,207 - __main__ - INFO - Token value: "toto je SOME_SECRET"
2022-12-03 10:22:07,744 - __main__ - INFO - Weather in Brno: 2.11
2022-12-03 10:36:27,944 - __main__ - INFO - Token value: "toto je SOME_SECRET"
2022-12-03 10:36:28,134 - __main__ - INFO - Weather in Brno: 2.23
2022-12-03 10:49:29,795 - __main__ - INFO - Token value: "toto je SOME_SECRET"
2022-12-03 10:49:29,842 - __main__ - INFO - Weather in Brno: 2.11
2022-12-03 11:06:37,339 - __main__ - INFO - Token value: "toto je SOME_SECRET"
2022-12-03 11:06:37,395 - __main__ - INFO - Weather in Brno: 2.23
2022-12-03 11:21:35,611 - __main__ - INFO - Token value: "toto je SOME_SECRET"
2022-12-03 11:21:35,659 - __main__ - INFO - Weather in Brno: 2.11
2022-12-03 11:34:59,320 - __main__ - INFO - Token value: "toto je SOME_SECRET"
2022-12-03 11:34:59,618 - __main__ - INFO - Weather in Brno: 2.32
2022-12-03 11:48:02,031 - __main__ - INFO - Token value: "toto je SOME_SECRET"
2022-12-03 11:48:02,293 - __main__ - INFO - Weather in Brno: 2.32
2022-12-03 12:08:38,066 - __main__ - INFO - Token value: "toto je SOME_SECRET"
2022-12-03 12:08:38,131 - __main__ - INFO - Weather in Brno: 2.32
2022-12-03 12:45:07,070 - __main__ - INFO - Token value: "toto je SOME_SECRET"
2022-12-03 12:45:07,476 - __main__ - INFO - Weather in Brno: 2.48
2022-12-03 13:09:03,708 - __main__ - INFO - Token value: "toto je SOME_SECRET"
2022-12-03 13:09:03,760 - __main__ - INFO - Weather in Brno: 2.48
2022-12-03 13:29:04,164 - __main__ - INFO - Token value: "toto je SOME_SECRET"
2022-12-03 13:29:04,388 - __main__ - INFO - Weather in Brno: 2.48
2022-12-03 13:42:09,596 - __main__ - INFO - Token value: "toto je SOME_SECRET"
2022-12-03 13:42:09,779 - __main__ - INFO - Weather in Brno: 2.48
2022-12-03 13:55:00,727 - __main__ - INFO - Token value: "toto je SOME_SECRET"
2022-12-03 13:55:00,942 - __main__ - INFO - Weather in Brno: 2.76
2022-12-03 14:16:26,082 - __main__ - INFO - Token value: "toto je SOME_SECRET"
2022-12-03 14:16:26,147 - __main__ - INFO - Weather in Brno: 2.9
2022-12-03 14:29:23,495 - __main__ - INFO - Token value: "toto je SOME_SECRET"
2022-12-03 14:29:23,907 - __main__ - INFO - Weather in Brno: 2.9
2022-12-03 14:42:26,106 - __main__ - INFO - Token value: "toto je SOME_SECRET"
2022-12-03 14:42:26,174 - __main__ - INFO - Weather in Brno: 2.9
2022-12-03 14:55:30,979 - __main__ - INFO - Token value: "toto je SOME_SECRET"
2022-12-03 14:55:31,239 - __main__ - INFO - Weather in Brno: 2.95
2022-12-03 15:19:36,757 - __main__ - INFO - Token value: "toto je SOME_SECRET"
2022-12-03 15:19:37,100 - __main__ - INFO - Weather in Brno: 2.95
2022-12-03 15:33:06,438 - __main__ - INFO - Token value: "toto je SOME_SECRET"
2022-12-03 15:33:07,091 - __main__ - INFO - Weather in Brno: 3.07
2022-12-03 15:46:20,635 - __main__ - INFO - Token value: "toto je SOME_SECRET"
2022-12-03 15:46:20,844 - __main__ - INFO - Weather in Brno: 3.07
2022-12-03 15:59:32,648 - __main__ - INFO - Token value: "toto je SOME_SECRET"
2022-12-03 15:59:32,909 - __main__ - INFO - Weather in Brno: 3.07
2022-12-03 16:30:38,047 - __main__ - INFO - Token value: "toto je SOME_SECRET"
2022-12-03 16:30:38,136 - __main__ - INFO - Weather in Brno: 3.07
2022-12-03 16:49:05,867 - __main__ - INFO - Token value: "toto je SOME_SECRET"
2022-12-03 16:49:06,164 - __main__ - INFO - Weather in Brno: 3.65
2022-12-03 17:06:30,493 - __main__ - INFO - Token value: "toto je SOME_SECRET"
2022-12-03 17:06:31,119 - __main__ - INFO - Weather in Brno: 3.56
2022-12-03 17:24:39,046 - __main__ - INFO - Token value: "toto je SOME_SECRET"
2022-12-03 17:24:39,120 - __main__ - INFO - Weather in Brno: 3.65
2022-12-03 17:37:34,739 - __main__ - INFO - Token value: "toto je SOME_SECRET"
2022-12-03 17:37:34,980 - __main__ - INFO - Weather in Brno: 3.65
2022-12-03 17:50:35,932 - __main__ - INFO - Token value: "toto je SOME_SECRET"
2022-12-03 17:50:36,152 - __main__ - INFO - Weather in Brno: 3.77
2022-12-03 18:12:33,971 - __main__ - INFO - Token value: "toto je SOME_SECRET"
2022-12-03 18:12:34,933 - __main__ - INFO - Weather in Brno: 3.84
2022-12-03 18:33:06,951 - __main__ - INFO - Token value: "toto je SOME_SECRET"
2022-12-03 18:33:07,212 - __main__ - INFO - Weather in Brno: 3.84
2022-12-03 18:46:02,529 - __main__ - INFO - Token value: "toto je SOME_SECRET"
2022-12-03 18:46:02,866 - __main__ - INFO - Weather in Brno: 3.97
2022-12-03 18:58:57,484 - __main__ - INFO - Token value: "toto je SOME_SECRET"
2022-12-03 18:58:57,551 - __main__ - INFO - Weather in Brno: 3.84
2022-12-03 19:16:49,925 - __main__ - INFO - Token value: "toto je SOME_SECRET"
2022-12-03 19:16:50,161 - __main__ - INFO - Weather in Brno: 3.97
2022-12-03 19:29:58,643 - __main__ - INFO - Token value: "toto je SOME_SECRET"
2022-12-03 19:29:58,852 - __main__ - INFO - Weather in Brno: 4.15
2022-12-03 19:42:55,918 - __main__ - INFO - Token value: "toto je SOME_SECRET"
2022-12-03 19:42:55,981 - __main__ - INFO - Weather in Brno: 3.97
2022-12-03 19:56:09,343 - __main__ - INFO - Token value: "toto je SOME_SECRET"
2022-12-03 19:56:09,732 - __main__ - INFO - Weather in Brno: 4.36
2022-12-03 20:20:38,260 - __main__ - INFO - Token value: "toto je SOME_SECRET"
2022-12-03 20:20:38,688 - __main__ - INFO - Weather in Brno: 4.68
2022-12-03 20:34:27,118 - __main__ - INFO - Token value: "toto je SOME_SECRET"
2022-12-03 20:34:27,335 - __main__ - INFO - Weather in Brno: 4.36
2022-12-03 20:47:32,586 - __main__ - INFO - Token value: "toto je SOME_SECRET"
2022-12-03 20:47:33,024 - __main__ - INFO - Weather in Brno: 4.36
2022-12-03 21:01:22,918 - __main__ - INFO - Token value: "toto je SOME_SECRET"
2022-12-03 21:01:24,081 - __main__ - INFO - Weather in Brno: 4.79
2022-12-03 21:19:57,516 - __main__ - INFO - Token value: "toto je SOME_SECRET"
2022-12-03 21:19:57,566 - __main__ - INFO - Weather in Brno: 4.68
2022-12-03 21:33:37,933 - __main__ - INFO - Token value: "toto je SOME_SECRET"
2022-12-03 21:33:38,515 - __main__ - INFO - Weather in Brno: 4.74
2022-12-03 21:46:58,230 - __main__ - INFO - Token value: "toto je SOME_SECRET"
2022-12-03 21:46:58,500 - __main__ - INFO - Weather in Brno: 4.79
2022-12-03 21:59:52,412 - __main__ - INFO - Token value: "toto je SOME_SECRET"
2022-12-03 21:59:52,729 - __main__ - INFO - Weather in Brno: 4.79
2022-12-03 22:22:09,219 - __main__ - INFO - Token value: "toto je SOME_SECRET"
2022-12-03 22:22:09,288 - __main__ - INFO - Weather in Brno: 4.74
2022-12-03 22:35:27,436 - __main__ - INFO - Token value: "toto je SOME_SECRET"
2022-12-03 22:35:28,030 - __main__ - INFO - Weather in Brno: 5.15
2022-12-03 22:48:23,493 - __main__ - INFO - Token value: "toto je SOME_SECRET"
2022-12-03 22:48:23,758 - __main__ - INFO - Weather in Brno: 5.15
2022-12-03 23:05:37,614 - __main__ - INFO - Token value: "toto je SOME_SECRET"
2022-12-03 23:05:37,875 - __main__ - INFO - Weather in Brno: 4.83
2022-12-03 23:24:55,584 - __main__ - INFO - Token value: "toto je SOME_SECRET"
2022-12-03 23:24:55,844 - __main__ - INFO - Weather in Brno: 5.0
2022-12-03 23:38:29,050 - __main__ - INFO - Token value: "toto je SOME_SECRET"
2022-12-03 23:38:29,402 - __main__ - INFO - Weather in Brno: 5.0
2022-12-03 23:51:36,131 - __main__ - INFO - Token value: "toto je SOME_SECRET"
2022-12-03 23:51:36,178 - __main__ - INFO - Weather in Brno: 5.0
2022-12-04 01:06:30,116 - __main__ - INFO - Token value: "toto je SOME_SECRET"
2022-12-04 01:06:30,406 - __main__ - INFO - Weather in Brno: 4.98
2022-12-04 02:28:01,944 - __main__ - INFO - Token value: "toto je SOME_SECRET"
2022-12-04 02:28:02,460 - __main__ - INFO - Weather in Brno: 5.08
2022-12-04 02:58:17,382 - __main__ - INFO - Token value: "toto je SOME_SECRET"
2022-12-04 02:58:17,909 - __main__ - INFO - Weather in Brno: 5.13
2022-12-04 03:23:58,767 - __main__ - INFO - Token value: "toto je SOME_SECRET"
2022-12-04 03:23:59,005 - __main__ - INFO - Weather in Brno: 5.13
2022-12-04 03:38:22,270 - __main__ - INFO - Token value: "toto je SOME_SECRET"
2022-12-04 03:38:22,317 - __main__ - INFO - Weather in Brno: 5.13
2022-12-04 03:51:39,336 - __main__ - INFO - Token value: "toto je SOME_SECRET"
2022-12-04 03:51:39,388 - __main__ - INFO - Weather in Brno: 5.13
2022-12-04 04:15:23,526 - __main__ - INFO - Token value: "toto je SOME_SECRET"
2022-12-04 04:15:23,854 - __main__ - INFO - Weather in Brno: 5.13
2022-12-04 04:35:48,209 - __main__ - INFO - Token value: "toto je SOME_SECRET"
2022-12-04 04:35:48,428 - __main__ - INFO - Weather in Brno: 5.13
2022-12-04 04:48:48,832 - __main__ - INFO - Token value: "toto je SOME_SECRET"
2022-12-04 04:48:49,065 - __main__ - INFO - Weather in Brno: 5.23
2022-12-04 05:06:51,946 - __main__ - INFO - Token value: "toto je SOME_SECRET"
2022-12-04 05:06:52,206 - __main__ - INFO - Weather in Brno: 5.46
2022-12-04 05:24:53,927 - __main__ - INFO - Token value: "toto je SOME_SECRET"
2022-12-04 05:24:54,191 - __main__ - INFO - Weather in Brno: 5.46
2022-12-04 05:37:46,785 - __main__ - INFO - Token value: "toto je SOME_SECRET"
2022-12-04 05:37:47,277 - __main__ - INFO - Weather in Brno: 5.46
2022-12-04 05:50:46,775 - __main__ - INFO - Token value: "toto je SOME_SECRET"
2022-12-04 05:50:46,976 - __main__ - INFO - Weather in Brno: 5.37
2022-12-04 06:13:28,804 - __main__ - INFO - Token value: "toto je SOME_SECRET"
2022-12-04 06:13:29,118 - __main__ - INFO - Weather in Brno: 5.36
2022-12-04 06:33:23,057 - __main__ - INFO - Token value: "toto je SOME_SECRET"
2022-12-04 06:33:23,326 - __main__ - INFO - Weather in Brno: 5.36
2022-12-04 06:46:35,552 - __main__ - INFO - Token value: "toto je SOME_SECRET"
2022-12-04 06:46:35,619 - __main__ - INFO - Weather in Brno: 5.44
2022-12-04 06:59:35,597 - __main__ - INFO - Token value: "toto je SOME_SECRET"
2022-12-04 06:59:35,644 - __main__ - INFO - Weather in Brno: 5.44
2022-12-04 07:19:24,231 - __main__ - INFO - Token value: "toto je SOME_SECRET"
2022-12-04 07:19:24,278 - __main__ - INFO - Weather in Brno: 5.44
2022-12-04 07:32:57,004 - __main__ - INFO - Token value: "toto je SOME_SECRET"
2022-12-04 07:32:57,203 - __main__ - INFO - Weather in Brno: 5.44
2022-12-04 07:45:57,311 - __main__ - INFO - Token value: "toto je SOME_SECRET"
2022-12-04 07:45:57,610 - __main__ - INFO - Weather in Brno: 5.49
2022-12-04 07:58:51,428 - __main__ - INFO - Token value: "toto je SOME_SECRET"
2022-12-04 07:58:51,471 - __main__ - INFO - Weather in Brno: 5.49
2022-12-04 08:26:54,384 - __main__ - INFO - Token value: "toto je SOME_SECRET"
2022-12-04 08:26:54,670 - __main__ - INFO - Weather in Brno: 5.46
2022-12-04 08:41:53,567 - __main__ - INFO - Token value: "toto je SOME_SECRET"
2022-12-04 08:41:53,618 - __main__ - INFO - Weather in Brno: 5.46
2022-12-04 08:54:59,689 - __main__ - INFO - Token value: "toto je SOME_SECRET"
2022-12-04 08:55:00,035 - __main__ - INFO - Weather in Brno: 5.61
2022-12-04 09:17:44,869 - __main__ - INFO - Token value: "toto je SOME_SECRET"
2022-12-04 09:17:45,128 - __main__ - INFO - Weather in Brno: 5.61
2022-12-04 09:31:02,000 - __main__ - INFO - Token value: "toto je SOME_SECRET"
2022-12-04 09:31:02,269 - __main__ - INFO - Weather in Brno: 5.61
2022-12-04 09:44:14,907 - __main__ - INFO - Token value: "toto je SOME_SECRET"
2022-12-04 09:44:14,974 - __main__ - INFO - Weather in Brno: 5.9
2022-12-04 09:57:13,418 - __main__ - INFO - Token value: "toto je SOME_SECRET"
2022-12-04 09:57:13,672 - __main__ - INFO - Weather in Brno: 5.94
2022-12-04 10:22:31,143 - __main__ - INFO - Token value: "toto je SOME_SECRET"
2022-12-04 10:22:31,399 - __main__ - INFO - Weather in Brno: 5.9
2022-12-04 10:36:47,957 - __main__ - INFO - Token value: "toto je SOME_SECRET"
2022-12-04 10:36:48,254 - __main__ - INFO - Weather in Brno: 6.09
2022-12-04 10:49:49,995 - __main__ - INFO - Token value: "toto je SOME_SECRET"
2022-12-04 10:49:50,066 - __main__ - INFO - Weather in Brno: 5.94
2022-12-04 11:07:16,662 - __main__ - INFO - Token value: "toto je SOME_SECRET"
2022-12-04 11:07:16,878 - __main__ - INFO - Weather in Brno: 6.48
2022-12-04 11:22:07,722 - __main__ - INFO - Token value: "toto je SOME_SECRET"
2022-12-04 11:22:07,987 - __main__ - INFO - Weather in Brno: 6.09
2022-12-04 11:35:25,126 - __main__ - INFO - Token value: "toto je SOME_SECRET"
2022-12-04 11:35:25,530 - __main__ - INFO - Weather in Brno: 6.48
2022-12-04 11:48:33,266 - __main__ - INFO - Token value: "toto je SOME_SECRET"
2022-12-04 11:48:33,535 - __main__ - INFO - Weather in Brno: 6.48
2022-12-04 12:11:53,628 - __main__ - INFO - Token value: "toto je SOME_SECRET"
2022-12-04 12:11:53,822 - __main__ - INFO - Weather in Brno: 6.42
2022-12-04 12:48:06,193 - __main__ - INFO - Token value: "toto je SOME_SECRET"
2022-12-04 12:48:06,256 - __main__ - INFO - Weather in Brno: 6.42
2022-12-04 13:11:59,205 - __main__ - INFO - Token value: "toto je SOME_SECRET"
2022-12-04 13:11:59,439 - __main__ - INFO - Weather in Brno: 6.44
2022-12-04 13:30:27,841 - __main__ - INFO - Token value: "toto je SOME_SECRET"
2022-12-04 13:30:27,911 - __main__ - INFO - Weather in Brno: 6.46
2022-12-04 13:43:45,717 - __main__ - INFO - Token value: "toto je SOME_SECRET"
2022-12-04 13:43:45,762 - __main__ - INFO - Weather in Brno: 6.46
2022-12-04 13:56:43,941 - __main__ - INFO - Token value: "toto je SOME_SECRET"
2022-12-04 13:56:44,011 - __main__ - INFO - Weather in Brno: 6.44
2022-12-04 14:18:22,343 - __main__ - INFO - Token value: "toto je SOME_SECRET"
2022-12-04 14:18:22,648 - __main__ - INFO - Weather in Brno: 6.4
2022-12-04 14:31:30,801 - __main__ - INFO - Token value: "toto je SOME_SECRET"
2022-12-04 14:31:31,120 - __main__ - INFO - Weather in Brno: 6.4
2022-12-04 14:44:34,444 - __main__ - INFO - Token value: "toto je SOME_SECRET"
2022-12-04 14:44:34,716 - __main__ - INFO - Weather in Brno: 6.4
2022-12-04 14:57:34,085 - __main__ - INFO - Token value: "toto je SOME_SECRET"
2022-12-04 14:57:34,353 - __main__ - INFO - Weather in Brno: 6.4
2022-12-04 15:20:48,661 - __main__ - INFO - Token value: "toto je SOME_SECRET"
2022-12-04 15:20:49,341 - __main__ - INFO - Weather in Brno: 6.16
2022-12-04 15:34:23,867 - __main__ - INFO - Token value: "toto je SOME_SECRET"
2022-12-04 15:34:24,096 - __main__ - INFO - Weather in Brno: 6.16
2022-12-04 15:47:27,162 - __main__ - INFO - Token value: "toto je SOME_SECRET"
2022-12-04 15:47:27,366 - __main__ - INFO - Weather in Brno: 6.16
2022-12-04 16:01:02,537 - __main__ - INFO - Token value: "toto je SOME_SECRET"
2022-12-04 16:01:02,747 - __main__ - INFO - Weather in Brno: 6.16
2022-12-04 16:31:34,807 - __main__ - INFO - Token value: "toto je SOME_SECRET"
2022-12-04 16:31:35,425 - __main__ - INFO - Weather in Brno: 6.18
2022-12-04 16:49:28,741 - __main__ - INFO - Token value: "toto je SOME_SECRET"
2022-12-04 16:49:29,004 - __main__ - INFO - Weather in Brno: 6.18
2022-12-04 17:08:16,075 - __main__ - INFO - Token value: "toto je SOME_SECRET"
2022-12-04 17:08:16,946 - __main__ - INFO - Weather in Brno: 6.33
2022-12-04 17:26:20,546 - __main__ - INFO - Token value: "toto je SOME_SECRET"
2022-12-04 17:26:20,996 - __main__ - INFO - Weather in Brno: 6.18
2022-12-04 17:39:22,350 - __main__ - INFO - Token value: "toto je SOME_SECRET"
2022-12-04 17:39:22,416 - __main__ - INFO - Weather in Brno: 6.33
2022-12-04 17:52:28,104 - __main__ - INFO - Token value: "toto je SOME_SECRET"
2022-12-04 17:52:28,329 - __main__ - INFO - Weather in Brno: 6.33
2022-12-04 18:16:40,041 - __main__ - INFO - Token value: "toto je SOME_SECRET"
2022-12-04 18:16:44,154 - __main__ - INFO - Weather in Brno: 6.28
2022-12-04 18:33:39,810 - __main__ - INFO - Token value: "toto je SOME_SECRET"
2022-12-04 18:33:40,076 - __main__ - INFO - Weather in Brno: 6.28
2022-12-04 18:46:30,161 - __main__ - INFO - Token value: "toto je SOME_SECRET"
2022-12-04 18:46:30,368 - __main__ - INFO - Weather in Brno: 5.88
2022-12-04 18:59:30,129 - __main__ - INFO - Token value: "toto je SOME_SECRET"
2022-12-04 18:59:30,754 - __main__ - INFO - Weather in Brno: 5.16
2022-12-04 19:17:17,857 - __main__ - INFO - Token value: "toto je SOME_SECRET"
2022-12-04 19:17:18,077 - __main__ - INFO - Weather in Brno: 5.16
2022-12-04 19:30:18,878 - __main__ - INFO - Token value: "toto je SOME_SECRET"
2022-12-04 19:30:18,994 - __main__ - INFO - Weather in Brno: 5.02
2022-12-04 19:43:19,450 - __main__ - INFO - Token value: "toto je SOME_SECRET"
2022-12-04 19:43:19,716 - __main__ - INFO - Weather in Brno: 5.16
2022-12-04 19:56:18,933 - __main__ - INFO - Token value: "toto je SOME_SECRET"
2022-12-04 19:56:19,303 - __main__ - INFO - Weather in Brno: 5.02
2022-12-04 20:21:08,830 - __main__ - INFO - Token value: "toto je SOME_SECRET"
2022-12-04 20:21:09,029 - __main__ - INFO - Weather in Brno: 5.02
2022-12-04 20:34:49,719 - __main__ - INFO - Token value: "toto je SOME_SECRET"
2022-12-04 20:34:50,503 - __main__ - INFO - Weather in Brno: 5.04
2022-12-04 20:47:41,583 - __main__ - INFO - Token value: "toto je SOME_SECRET"
2022-12-04 20:47:41,796 - __main__ - INFO - Weather in Brno: 5.04
2022-12-04 21:01:53,141 - __main__ - INFO - Token value: "toto je SOME_SECRET"
2022-12-04 21:01:53,192 - __main__ - INFO - Weather in Brno: 5.04
2022-12-04 21:20:42,350 - __main__ - INFO - Token value: "toto je SOME_SECRET"
2022-12-04 21:20:42,616 - __main__ - INFO - Weather in Brno: 5.04
2022-12-04 21:34:36,749 - __main__ - INFO - Token value: "toto je SOME_SECRET"
2022-12-04 21:34:37,027 - __main__ - INFO - Weather in Brno: 5.17
2022-12-04 21:47:20,626 - __main__ - INFO - Token value: "toto je SOME_SECRET"
2022-12-04 21:47:20,692 - __main__ - INFO - Weather in Brno: 5.17
2022-12-04 22:00:37,678 - __main__ - INFO - Token value: "toto je SOME_SECRET"
2022-12-04 22:00:37,882 - __main__ - INFO - Weather in Brno: 5.17
2022-12-04 22:22:23,265 - __main__ - INFO - Token value: "toto je SOME_SECRET"
2022-12-04 22:22:23,317 - __main__ - INFO - Weather in Brno: 5.17
2022-12-04 22:35:40,818 - __main__ - INFO - Token value: "toto je SOME_SECRET"
2022-12-04 22:35:40,915 - __main__ - INFO - Weather in Brno: 5.18
2022-12-04 22:48:53,064 - __main__ - INFO - Token value: "toto je SOME_SECRET"
2022-12-04 22:48:53,331 - __main__ - INFO - Weather in Brno: 5.18
2022-12-04 23:07:01,395 - __main__ - INFO - Token value: "toto je SOME_SECRET"
2022-12-04 23:07:01,961 - __main__ - INFO - Weather in Brno: 5.18
2022-12-04 23:26:00,766 - __main__ - INFO - Token value: "toto je SOME_SECRET"
2022-12-04 23:26:00,814 - __main__ - INFO - Weather in Brno: 5.18
2022-12-04 23:39:16,303 - __main__ - INFO - Token value: "toto je SOME_SECRET"
2022-12-04 23:39:17,193 - __main__ - INFO - Weather in Brno: 5.47
2022-12-04 23:52:15,427 - __main__ - INFO - Token value: "toto je SOME_SECRET"
2022-12-04 23:52:15,631 - __main__ - INFO - Weather in Brno: 5.47
2022-12-05 01:10:01,479 - __main__ - INFO - Token value: "toto je SOME_SECRET"
2022-12-05 01:10:01,804 - __main__ - INFO - Weather in Brno: 5.93
2022-12-05 02:27:04,837 - __main__ - INFO - Token value: "toto je SOME_SECRET"
2022-12-05 02:27:05,035 - __main__ - INFO - Weather in Brno: 5.46
2022-12-05 02:56:53,573 - __main__ - INFO - Token value: "toto je SOME_SECRET"
2022-12-05 02:56:53,772 - __main__ - INFO - Weather in Brno: 5.37
2022-12-05 03:23:19,238 - __main__ - INFO - Token value: "toto je SOME_SECRET"
2022-12-05 03:23:19,284 - __main__ - INFO - Weather in Brno: 5.37
2022-12-05 03:38:31,065 - __main__ - INFO - Token value: "toto je SOME_SECRET"
2022-12-05 03:38:31,970 - __main__ - INFO - Weather in Brno: 5.24
2022-12-05 03:51:42,497 - __main__ - INFO - Token value: "toto je SOME_SECRET"
2022-12-05 03:51:42,547 - __main__ - INFO - Weather in Brno: 5.24
2022-12-05 04:16:14,474 - __main__ - INFO - Token value: "toto je SOME_SECRET"
2022-12-05 04:16:14,731 - __main__ - INFO - Weather in Brno: 5.24
2022-12-05 04:37:28,144 - __main__ - INFO - Token value: "toto je SOME_SECRET"
2022-12-05 04:37:28,386 - __main__ - INFO - Weather in Brno: 5.14
2022-12-05 04:50:22,245 - __main__ - INFO - Token value: "toto je SOME_SECRET"
2022-12-05 04:50:22,450 - __main__ - INFO - Weather in Brno: 5.14
2022-12-05 05:10:46,046 - __main__ - INFO - Token value: "toto je SOME_SECRET"
2022-12-05 05:10:46,469 - __main__ - INFO - Weather in Brno: 5.14
2022-12-05 05:27:53,635 - __main__ - INFO - Token value: "toto je SOME_SECRET"
2022-12-05 05:27:53,797 - __main__ - INFO - Weather in Brno: 5.14
2022-12-05 05:41:00,452 - __main__ - INFO - Token value: "toto je SOME_SECRET"
2022-12-05 05:41:01,087 - __main__ - INFO - Weather in Brno: 5.05
2022-12-05 05:54:04,121 - __main__ - INFO - Token value: "toto je SOME_SECRET"
2022-12-05 05:54:04,331 - __main__ - INFO - Weather in Brno: 5.05
2022-12-05 06:23:00,849 - __main__ - INFO - Token value: "toto je SOME_SECRET"
2022-12-05 06:23:01,109 - __main__ - INFO - Weather in Brno: 5.03
2022-12-05 06:41:22,921 - __main__ - INFO - Token value: "toto je SOME_SECRET"
2022-12-05 06:41:23,497 - __main__ - INFO - Weather in Brno: 4.89
2022-12-05 06:54:17,794 - __main__ - INFO - Token value: "toto je SOME_SECRET"
2022-12-05 06:54:17,984 - __main__ - INFO - Weather in Brno: 4.89
2022-12-05 07:17:11,620 - __main__ - INFO - Token value: "toto je SOME_SECRET"
2022-12-05 07:17:11,929 - __main__ - INFO - Weather in Brno: 4.89
2022-12-05 07:30:30,978 - __main__ - INFO - Token value: "toto je SOME_SECRET"
2022-12-05 07:30:31,191 - __main__ - INFO - Weather in Brno: 4.89
2022-12-05 07:43:29,111 - __main__ - INFO - Token value: "toto je SOME_SECRET"
2022-12-05 07:43:29,418 - __main__ - INFO - Weather in Brno: 4.54
2022-12-05 07:56:26,286 - __main__ - INFO - Token value: "toto je SOME_SECRET"
2022-12-05 07:56:26,608 - __main__ - INFO - Weather in Brno: 4.54
2022-12-05 08:28:06,848 - __main__ - INFO - Token value: "toto je SOME_SECRET"
2022-12-05 08:28:06,913 - __main__ - INFO - Weather in Brno: 4.54
2022-12-05 08:44:31,456 - __main__ - INFO - Token value: "toto je SOME_SECRET"
2022-12-05 08:44:31,815 - __main__ - INFO - Weather in Brno: 4.53
2022-12-05 08:57:24,862 - __main__ - INFO - Token value: "toto je SOME_SECRET"
2022-12-05 08:57:25,079 - __main__ - INFO - Weather in Brno: 4.53
2022-12-05 09:21:38,402 - __main__ - INFO - Token value: "toto je SOME_SECRET"
2022-12-05 09:21:38,772 - __main__ - INFO - Weather in Brno: 4.53
2022-12-05 09:35:31,085 - __main__ - INFO - Token value: "toto je SOME_SECRET"
2022-12-05 09:35:31,351 - __main__ - INFO - Weather in Brno: 4.53
2022-12-05 09:48:37,666 - __main__ - INFO - Token value: "toto je SOME_SECRET"
2022-12-05 09:48:38,415 - __main__ - INFO - Weather in Brno: 4.53
2022-12-05 10:08:13,012 - __main__ - INFO - Token value: "toto je SOME_SECRET"
2022-12-05 10:08:13,238 - __main__ - INFO - Weather in Brno: 4.53
2022-12-05 10:30:41,303 - __main__ - INFO - Token value: "toto je SOME_SECRET"
2022-12-05 10:30:41,698 - __main__ - INFO - Weather in Brno: 4.53
2022-12-05 10:43:40,664 - __main__ - INFO - Token value: "toto je SOME_SECRET"
2022-12-05 10:43:40,882 - __main__ - INFO - Weather in Brno: 4.53
2022-12-05 10:56:53,330 - __main__ - INFO - Token value: "toto je SOME_SECRET"
2022-12-05 10:56:53,555 - __main__ - INFO - Weather in Brno: 4.49
2022-12-05 11:17:40,516 - __main__ - INFO - Token value: "toto je SOME_SECRET"
2022-12-05 11:17:40,909 - __main__ - INFO - Weather in Brno: 4.49
2022-12-05 11:30:40,389 - __main__ - INFO - Token value: "toto je SOME_SECRET"
2022-12-05 11:30:40,454 - __main__ - INFO - Weather in Brno: 4.49
2022-12-05 11:43:51,173 - __main__ - INFO - Token value: "toto je SOME_SECRET"
2022-12-05 11:43:51,396 - __main__ - INFO - Weather in Brno: 4.49
2022-12-05 11:56:52,159 - __main__ - INFO - Token value: "toto je SOME_SECRET"
2022-12-05 11:56:52,418 - __main__ - INFO - Weather in Brno: 4.49
2022-12-05 12:41:02,467 - __main__ - INFO - Token value: "toto je SOME_SECRET"
2022-12-05 12:41:02,938 - __main__ - INFO - Weather in Brno: 4.79
2022-12-05 13:10:36,820 - __main__ - INFO - Token value: "toto je SOME_SECRET"
2022-12-05 13:10:37,024 - __main__ - INFO - Weather in Brno: 4.79
2022-12-05 13:33:11,569 - __main__ - INFO - Token value: "toto je SOME_SECRET"
2022-12-05 13:33:11,682 - __main__ - INFO - Weather in Brno: 4.47
2022-12-05 13:46:12,645 - __main__ - INFO - Token value: "toto je SOME_SECRET"
2022-12-05 13:46:13,232 - __main__ - INFO - Weather in Brno: 4.47
2022-12-05 13:59:16,567 - __main__ - INFO - Token value: "toto je SOME_SECRET"
2022-12-05 13:59:16,750 - __main__ - INFO - Weather in Brno: 4.47
2022-12-05 14:21:48,490 - __main__ - INFO - Token value: "toto je SOME_SECRET"
2022-12-05 14:21:48,762 - __main__ - INFO - Weather in Brno: 4.47
2022-12-05 14:35:42,327 - __main__ - INFO - Token value: "toto je SOME_SECRET"
2022-12-05 14:35:42,415 - __main__ - INFO - Weather in Brno: 4.49
2022-12-05 14:48:45,068 - __main__ - INFO - Token value: "toto je SOME_SECRET"
2022-12-05 14:48:45,251 - __main__ - INFO - Weather in Brno: 4.49
2022-12-05 15:08:02,051 - __main__ - INFO - Token value: "toto je SOME_SECRET"
2022-12-05 15:08:02,454 - __main__ - INFO - Weather in Brno: 4.49
2022-12-05 15:29:00,684 - __main__ - INFO - Token value: "toto je SOME_SECRET"
2022-12-05 15:29:00,753 - __main__ - INFO - Weather in Brno: 4.49
2022-12-05 15:42:45,742 - __main__ - INFO - Token value: "toto je SOME_SECRET"
2022-12-05 15:42:46,065 - __main__ - INFO - Weather in Brno: 4.49
2022-12-05 15:55:52,039 - __main__ - INFO - Token value: "toto je SOME_SECRET"
2022-12-05 15:55:52,267 - __main__ - INFO - Weather in Brno: 4.49
2022-12-05 16:30:23,747 - __main__ - INFO - Token value: "toto je SOME_SECRET"
2022-12-05 16:30:23,800 - __main__ - INFO - Weather in Brno: 4.49
2022-12-05 16:51:46,091 - __main__ - INFO - Token value: "toto je SOME_SECRET"
2022-12-05 16:51:46,357 - __main__ - INFO - Weather in Brno: 4.53
2022-12-05 17:28:43,019 - __main__ - INFO - Token value: "toto je SOME_SECRET"
2022-12-05 17:28:43,066 - __main__ - INFO - Weather in Brno: 4.45
2022-12-05 17:41:50,597 - __main__ - INFO - Token value: "toto je SOME_SECRET"
2022-12-05 17:41:50,869 - __main__ - INFO - Weather in Brno: 4.45
2022-12-05 17:54:45,504 - __main__ - INFO - Token value: "toto je SOME_SECRET"
2022-12-05 17:54:45,709 - __main__ - INFO - Weather in Brno: 4.45
2022-12-05 18:24:01,390 - __main__ - INFO - Token value: "toto je SOME_SECRET"
2022-12-05 18:24:01,438 - __main__ - INFO - Weather in Brno: 4.45
2022-12-05 18:41:38,691 - __main__ - INFO - Token value: "toto je SOME_SECRET"
2022-12-05 18:41:39,060 - __main__ - INFO - Weather in Brno: 4.36
2022-12-05 18:54:42,475 - __main__ - INFO - Token value: "toto je SOME_SECRET"
2022-12-05 18:54:42,521 - __main__ - INFO - Weather in Brno: 4.36
2022-12-05 19:15:10,168 - __main__ - INFO - Token value: "toto je SOME_SECRET"
2022-12-05 19:15:10,459 - __main__ - INFO - Weather in Brno: 4.36
2022-12-05 19:28:14,674 - __main__ - INFO - Token value: "toto je SOME_SECRET"
2022-12-05 19:28:14,728 - __main__ - INFO - Weather in Brno: 4.36
2022-12-05 19:41:11,888 - __main__ - INFO - Token value: "toto je SOME_SECRET"
2022-12-05 19:41:12,086 - __main__ - INFO - Weather in Brno: 4.36
2022-12-05 19:54:20,473 - __main__ - INFO - Token value: "toto je SOME_SECRET"
2022-12-05 19:54:20,542 - __main__ - INFO - Weather in Brno: 4.36
2022-12-05 20:19:36,338 - __main__ - INFO - Token value: "toto je SOME_SECRET"
2022-12-05 20:19:36,604 - __main__ - INFO - Weather in Brno: 4.36
2022-12-05 20:33:40,836 - __main__ - INFO - Token value: "toto je SOME_SECRET"
2022-12-05 20:33:40,890 - __main__ - INFO - Weather in Brno: 4.34
2022-12-05 20:46:41,911 - __main__ - INFO - Token value: "toto je SOME_SECRET"
2022-12-05 20:46:42,565 - __main__ - INFO - Weather in Brno: 4.34
2022-12-05 20:59:46,351 - __main__ - INFO - Token value: "toto je SOME_SECRET"
2022-12-05 20:59:46,716 - __main__ - INFO - Weather in Brno: 4.34
2022-12-05 21:20:32,142 - __main__ - INFO - Token value: "toto je SOME_SECRET"
2022-12-05 21:20:32,398 - __main__ - INFO - Weather in Brno: 4.34
2022-12-05 21:34:19,266 - __main__ - INFO - Token value: "toto je SOME_SECRET"
2022-12-05 21:34:19,489 - __main__ - INFO - Weather in Brno: 4.34
2022-12-05 21:47:22,610 - __main__ - INFO - Token value: "toto je SOME_SECRET"
2022-12-05 21:47:22,882 - __main__ - INFO - Weather in Brno: 4.32
2022-12-05 22:00:21,077 - __main__ - INFO - Token value: "toto je SOME_SECRET"
2022-12-05 22:00:21,131 - __main__ - INFO - Weather in Brno: 4.34
2022-12-05 22:23:30,163 - __main__ - INFO - Token value: "toto je SOME_SECRET"
2022-12-05 22:23:30,459 - __main__ - INFO - Weather in Brno: 4.3
2022-12-05 22:37:33,485 - __main__ - INFO - Token value: "toto je SOME_SECRET"
2022-12-05 22:37:33,530 - __main__ - INFO - Weather in Brno: 4.3
2022-12-05 22:50:34,402 - __main__ - INFO - Token value: "toto je SOME_SECRET"
2022-12-05 22:50:35,128 - __main__ - INFO - Weather in Brno: 4.32
2022-12-05 23:11:00,111 - __main__ - INFO - Token value: "toto je SOME_SECRET"
2022-12-05 23:11:00,579 - __main__ - INFO - Weather in Brno: 4.32
2022-12-05 23:28:47,033 - __main__ - INFO - Token value: "toto je SOME_SECRET"
2022-12-05 23:28:47,082 - __main__ - INFO - Weather in Brno: 4.28
2022-12-05 23:41:42,654 - __main__ - INFO - Token value: "toto je SOME_SECRET"
2022-12-05 23:41:42,856 - __main__ - INFO - Weather in Brno: 4.28
2022-12-05 23:54:34,816 - __main__ - INFO - Token value: "toto je SOME_SECRET"
2022-12-05 23:54:34,885 - __main__ - INFO - Weather in Brno: 4.28
2022-12-06 01:36:29,614 - __main__ - INFO - Token value: "toto je SOME_SECRET"
2022-12-06 01:36:29,923 - __main__ - INFO - Weather in Brno: 2.75
2022-12-06 02:34:56,479 - __main__ - INFO - Token value: "toto je SOME_SECRET"
2022-12-06 02:34:56,849 - __main__ - INFO - Weather in Brno: 2.75
2022-12-06 02:59:04,481 - __main__ - INFO - Token value: "toto je SOME_SECRET"
2022-12-06 02:59:04,856 - __main__ - INFO - Weather in Brno: 2.53
2022-12-06 03:24:45,764 - __main__ - INFO - Token value: "toto je SOME_SECRET"
2022-12-06 03:24:46,227 - __main__ - INFO - Weather in Brno: 2.53
2022-12-06 03:39:45,148 - __main__ - INFO - Token value: "toto je SOME_SECRET"
2022-12-06 03:39:45,360 - __main__ - INFO - Weather in Brno: 2.43
2022-12-06 03:52:39,634 - __main__ - INFO - Token value: "toto je SOME_SECRET"
2022-12-06 03:52:39,704 - __main__ - INFO - Weather in Brno: 2.53
2022-12-06 04:18:11,951 - __main__ - INFO - Token value: "toto je SOME_SECRET"
2022-12-06 04:18:12,216 - __main__ - INFO - Weather in Brno: 2.43
2022-12-06 04:37:06,291 - __main__ - INFO - Token value: "toto je SOME_SECRET"
2022-12-06 04:37:06,558 - __main__ - INFO - Weather in Brno: 1.86
2022-12-06 04:50:04,309 - __main__ - INFO - Token value: "toto je SOME_SECRET"
2022-12-06 04:50:04,420 - __main__ - INFO - Weather in Brno: 1.77
2022-12-06 05:10:04,953 - __main__ - INFO - Token value: "toto je SOME_SECRET"
2022-12-06 05:10:05,220 - __main__ - INFO - Weather in Brno: 1.77
2022-12-06 05:26:28,860 - __main__ - INFO - Token value: "toto je SOME_SECRET"
2022-12-06 05:26:29,223 - __main__ - INFO - Weather in Brno: 1.67
2022-12-06 05:39:26,560 - __main__ - INFO - Token value: "toto je SOME_SECRET"
2022-12-06 05:39:26,917 - __main__ - INFO - Weather in Brno: 1.77
2022-12-06 05:52:39,009 - __main__ - INFO - Token value: "toto je SOME_SECRET"
2022-12-06 05:52:39,057 - __main__ - INFO - Weather in Brno: 1.67
2022-12-06 06:18:58,679 - __main__ - INFO - Token value: "toto je SOME_SECRET"
2022-12-06 06:18:58,728 - __main__ - INFO - Weather in Brno: 1.67
2022-12-06 06:37:56,782 - __main__ - INFO - Token value: "toto je SOME_SECRET"
2022-12-06 06:37:57,185 - __main__ - INFO - Weather in Brno: 2.1
2022-12-06 06:50:52,707 - __main__ - INFO - Token value: "toto je SOME_SECRET"
2022-12-06 06:50:52,912 - __main__ - INFO - Weather in Brno: 2.1
2022-12-06 07:10:34,385 - __main__ - INFO - Token value: "toto je SOME_SECRET"
2022-12-06 07:10:34,568 - __main__ - INFO - Weather in Brno: 2.1
2022-12-06 07:25:27,848 - __main__ - INFO - Token value: "toto je SOME_SECRET"
2022-12-06 07:25:28,055 - __main__ - INFO - Weather in Brno: 2.1
2022-12-06 07:38:37,693 - __main__ - INFO - Token value: "toto je SOME_SECRET"
2022-12-06 07:38:37,798 - __main__ - INFO - Weather in Brno: 2.49
2022-12-06 07:51:42,111 - __main__ - INFO - Token value: "toto je SOME_SECRET"
2022-12-06 07:51:42,775 - __main__ - INFO - Weather in Brno: 2.49
2022-12-06 08:18:00,166 - __main__ - INFO - Token value: "toto je SOME_SECRET"
2022-12-06 08:18:00,413 - __main__ - INFO - Weather in Brno: 2.49
2022-12-06 08:36:34,187 - __main__ - INFO - Token value: "toto je SOME_SECRET"
2022-12-06 08:36:34,454 - __main__ - INFO - Weather in Brno: 2.49
2022-12-06 08:49:24,241 - __main__ - INFO - Token value: "toto je SOME_SECRET"
2022-12-06 08:49:24,340 - __main__ - INFO - Weather in Brno: 2.46
2022-12-06 09:08:42,415 - __main__ - INFO - Token value: "toto je SOME_SECRET"
2022-12-06 09:08:42,627 - __main__ - INFO - Weather in Brno: 2.46
2022-12-06 09:26:43,040 - __main__ - INFO - Token value: "toto je SOME_SECRET"
2022-12-06 09:26:43,105 - __main__ - INFO - Weather in Brno: 2.46
2022-12-06 09:39:38,019 - __main__ - INFO - Token value: "toto je SOME_SECRET"
2022-12-06 09:39:38,179 - __main__ - INFO - Weather in Brno: 2.46
2022-12-06 09:52:48,947 - __main__ - INFO - Token value: "toto je SOME_SECRET"
2022-12-06 09:52:49,242 - __main__ - INFO - Weather in Brno: 2.42
2022-12-06 10:16:07,562 - __main__ - INFO - Token value: "toto je SOME_SECRET"
2022-12-06 10:16:07,640 - __main__ - INFO - Weather in Brno: 2.42
2022-12-06 10:33:48,819 - __main__ - INFO - Token value: "toto je SOME_SECRET"
2022-12-06 10:33:49,028 - __main__ - INFO - Weather in Brno: 2.42
2022-12-06 10:46:51,662 - __main__ - INFO - Token value: "toto je SOME_SECRET"
2022-12-06 10:46:51,866 - __main__ - INFO - Weather in Brno: 2.42
2022-12-06 10:59:51,773 - __main__ - INFO - Token value: "toto je SOME_SECRET"
2022-12-06 10:59:51,992 - __main__ - INFO - Weather in Brno: 2.42
2022-12-06 11:19:18,709 - __main__ - INFO - Token value: "toto je SOME_SECRET"
2022-12-06 11:19:18,962 - __main__ - INFO - Weather in Brno: 2.36
2022-12-06 11:32:49,250 - __main__ - INFO - Token value: "toto je SOME_SECRET"
2022-12-06 11:32:49,551 - __main__ - INFO - Weather in Brno: 2.36
2022-12-06 11:45:42,791 - __main__ - INFO - Token value: "toto je SOME_SECRET"
2022-12-06 11:45:43,093 - __main__ - INFO - Weather in Brno: 2.36
2022-12-06 11:58:42,722 - __main__ - INFO - Token value: "toto je SOME_SECRET"
2022-12-06 11:58:42,825 - __main__ - INFO - Weather in Brno: 2.36
2022-12-06 12:46:04,900 - __main__ - INFO - Token value: "toto je SOME_SECRET"
2022-12-06 12:46:05,066 - __main__ - INFO - Weather in Brno: 2.65
2022-12-06 13:15:37,691 - __main__ - INFO - Token value: "toto je SOME_SECRET"
2022-12-06 13:15:37,736 - __main__ - INFO - Weather in Brno: 2.55
2022-12-06 13:36:55,243 - __main__ - INFO - Token value: "toto je SOME_SECRET"
2022-12-06 13:36:55,686 - __main__ - INFO - Weather in Brno: 2.65
2022-12-06 13:49:51,754 - __main__ - INFO - Token value: "toto je SOME_SECRET"
2022-12-06 13:49:51,957 - __main__ - INFO - Weather in Brno: 2.97
2022-12-06 14:08:43,618 - __main__ - INFO - Token value: "toto je SOME_SECRET"
2022-12-06 14:08:43,676 - __main__ - INFO - Weather in Brno: 2.97
2022-12-06 14:27:09,429 - __main__ - INFO - Token value: "toto je SOME_SECRET"
2022-12-06 14:27:09,497 - __main__ - INFO - Weather in Brno: 2.97
2022-12-06 14:40:12,473 - __main__ - INFO - Token value: "toto je SOME_SECRET"
2022-12-06 14:40:13,051 - __main__ - INFO - Weather in Brno: 2.99
2022-12-06 14:53:01,715 - __main__ - INFO - Token value: "toto je SOME_SECRET"
2022-12-06 14:53:01,779 - __main__ - INFO - Weather in Brno: 2.99
2022-12-06 15:16:46,176 - __main__ - INFO - Token value: "toto je SOME_SECRET"
2022-12-06 15:16:46,567 - __main__ - INFO - Weather in Brno: 2.99
